Log file open, 03/20/17 00:08:07
LogInit:Display: Running engine for game: MoreItems
LogPlatformFile: Not using cached read wrapper
LogInit:Display: RandInit(-811576251) SRandInit(-811576251).
LogTaskGraph: Started task graph with 5 named threads and 8 total threads with 1 sets of task threads.
LogStats: Stats thread started at 0.092132
LogInit: Using libcurl 7.47.1
LogInit:  - built for x86_64-pc-win32
LogInit:  - supports SSL with OpenSSL/1.0.2g
LogInit:  - supports HTTP deflate (compression) using libz 1.2.8
LogInit:  - other features:
LogInit:      CURL_VERSION_SSL
LogInit:      CURL_VERSION_LIBZ
LogInit:      CURL_VERSION_IPV6
LogInit:      CURL_VERSION_ASYNCHDNS
LogInit:      CURL_VERSION_LARGEFILE
LogInit:      CURL_VERSION_IDN
LogInit:  CurlRequestOptions (configurable via config and command line):
LogInit:  - bVerifyPeer = false  - Libcurl will NOT verify peer certificate
LogInit:  - bUseHttpProxy = false  - Libcurl will NOT use HTTP proxy
LogInit:  - bDontReuseConnections = false  - Libcurl will reuse connections
LogInit:  - CertBundlePath = nullptr  - Libcurl will use whatever was configured at build time.
LogInit: Build: ++UE4+Release-4.15-CL-3299760
LogInit: Engine Version: 4.15.0-3299760+++UE4+Release-4.15
LogInit: Compatible Engine Version: 4.15.0-3299760+++UE4+Release-4.15
LogInit: Net CL: 3299760
LogDevObjectVersion: Number of dev versions registered: 14
LogDevObjectVersion:   Dev-Blueprints (B0D832E4-1F89-4F0D-ACCF-7EB736FD4AA2): 8
LogDevObjectVersion:   Dev-Build (E1C64328-A22C-4D53-A36C-8E866417BD8C): 0
LogDevObjectVersion:   Dev-Core (375EC13C-06E4-48FB-B500-84F0262A717E): 2
LogDevObjectVersion:   Dev-Editor (E4B068ED-F494-42E9-A231-DA0B2E46BB41): 14
LogDevObjectVersion:   Dev-Framework (CFFC743F-43B0-4480-9391-14DF171D2073): 22
LogDevObjectVersion:   Dev-Mobile (B02B49B5-BB20-44E9-A304-32B752E40360): 0
LogDevObjectVersion:   Dev-Networking (A4E4105C-59A1-49B5-A7C5-40C4547EDFEE): 0
LogDevObjectVersion:   Dev-Online (39C831C9-5AE6-47DC-9A44-9C173E1C8E7C): 0
LogDevObjectVersion:   Dev-Physics (78F01B33-EBEA-4F98-B9B4-84EACCB95AA2): 0
LogDevObjectVersion:   Dev-Platform (6631380F-2D4D-43E0-8009-CF276956A95A): 0
LogDevObjectVersion:   Dev-Rendering (12F88B9F-8875-4AFC-A67C-D90C383ABD29): 12
LogDevObjectVersion:   Dev-Sequencer (7B5AE74C-D270-4C10-A958-57980B212A5A): 3
LogDevObjectVersion:   Dev-VR (D7296918-1DD6-4BDD-9DE2-64A83CC13884): 0
LogDevObjectVersion:   Dev-LoadTimes (C2A15278-BFE7-4AFE-6C17-90FF531DF755): 1
LogInit: Compiled (64-bit): Feb 14 2017 02:04:14
LogInit: Compiled with Visual C++: 19.00.23026.00
LogInit: Build Configuration: Development
LogInit: Branch Name: ++UE4+Release-4.15
LogInit: Command line: -EpicPortal
LogInit: Base directory: C:/Program Files/Epic Games/UE_4.15/Engine/Binaries/Win64/
LogInit: Installed Engine Build: 1
LogInit: Presizing for max 8388607 objects, including 0 objects not considered by GC, pre-allocating 0 bytes for permanent pool.
LogInit: Object subsystem initialized
[2017.03.20-07.08.08:615][  0]LogInit: Selected Device Profile: [Windows]
[2017.03.20-07.08.08:615][  0]LogInit: Applying CVar settings loaded from the selected device profile: [Windows]
[2017.03.20-07.08.08:663][  0]LogInit: Computer: ULTIMATESKIBUM
[2017.03.20-07.08.08:663][  0]LogInit: User: Liam
[2017.03.20-07.08.08:663][  0]LogInit: CPU Page size=65536, Cores=4
[2017.03.20-07.08.08:663][  0]LogInit: High frequency timer resolution =3.906393 MHz
[2017.03.20-07.08.08:663][  0]LogMemory: Memory total: Physical=7.9GB (8GB approx)
[2017.03.20-07.08.08:663][  0]LogMemory: Platform Memory Stats for Windows
[2017.03.20-07.08.08:663][  0]LogMemory: Process Physical Memory: 263.20 MB used, 263.20 MB peak
[2017.03.20-07.08.08:663][  0]LogMemory: Process Virtual Memory: 262.61 MB used, 262.61 MB peak
[2017.03.20-07.08.08:663][  0]LogMemory: Physical Memory: 5608.02 MB used,  2530.98 MB free, 8139.00 MB total
[2017.03.20-07.08.08:663][  0]LogMemory: Virtual Memory: 644.48 MB used,  2530.98 MB free, 134217728.00 MB total
[2017.03.20-07.08.08:894][  0]LogTextLocalizationManager: No specific translations for ('en-US') exist, so ('en') translations will be used.
[2017.03.20-07.08.16:327][  0]LogD3D11RHI: D3D11 adapters:
[2017.03.20-07.08.16:882][  0]LogD3D11RHI:    0. 'NVIDIA GeForce GTX 770' (Feature Level 11_0)
[2017.03.20-07.08.16:882][  0]LogD3D11RHI:       4063/0/4069 MB DedicatedVideo/DedicatedSystem/SharedSystem, Outputs:1, VendorId:0x10de
[2017.03.20-07.08.16:884][  0]LogD3D11RHI:    1. 'Microsoft Basic Render Driver' (Feature Level 11_0)
[2017.03.20-07.08.16:884][  0]LogD3D11RHI:       0/0/4069 MB DedicatedVideo/DedicatedSystem/SharedSystem, Outputs:0, VendorId:0x1414
[2017.03.20-07.08.16:884][  0]LogD3D11RHI: Chosen D3D11 Adapter: 0
[2017.03.20-07.08.16:892][  0]LogD3D11RHI: Creating new Direct3DDevice
[2017.03.20-07.08.16:892][  0]LogD3D11RHI:     GPU DeviceId: 0x1184 (for the marketing name, search the web for "GPU Device Id")
[2017.03.20-07.08.16:892][  0]LogWindows: EnumDisplayDevices:
[2017.03.20-07.08.16:892][  0]LogWindows:    0. 'NVIDIA GeForce GTX 770' (P:1 D:1)
[2017.03.20-07.08.16:892][  0]LogWindows:    1. 'NVIDIA GeForce GTX 770' (P:0 D:0)
[2017.03.20-07.08.16:892][  0]LogWindows:    2. 'NVIDIA GeForce GTX 770' (P:0 D:0)
[2017.03.20-07.08.16:893][  0]LogWindows:    3. 'NVIDIA GeForce GTX 770' (P:0 D:0)
[2017.03.20-07.08.16:893][  0]LogWindows: DebugString: FoundDriverCount:4 
[2017.03.20-07.08.16:893][  0]LogD3D11RHI:     Adapter Name: NVIDIA GeForce GTX 770
[2017.03.20-07.08.16:893][  0]LogD3D11RHI:   Driver Version: 378.78 (internal:21.21.13.7878, unified:378.78)
[2017.03.20-07.08.16:893][  0]LogD3D11RHI:      Driver Date: 2-23-2017
[2017.03.20-07.08.16:893][  0]LogRHI: Texture pool is 1361 MB (70% of 1945 MB)
[2017.03.20-07.08.17:398][  0]LogD3D11RHI:Warning: Timestamp queries are currently disabled on this hardware due to instability. Realtime GPU stats will not be available. You can override this behaviour by setting r.NVIDIATimestampWorkaround to 0
[2017.03.20-07.08.17:398][  0]LogD3D11RHI: Async texture creation enabled
[2017.03.20-07.08.17:586][  0]LogD3D11RHI: GPU Timing Frequency: 1000.000000 (Debug: 2 2)
[2017.03.20-07.08.17:635][  0]LogShaderCompilers: Guid format shader working directory is -19 characters bigger than the processId version (../../../../../../Users/Liam/Documents/Unreal Projects/MoreItems/Intermediate/Shaders/WorkingDirectory/4980/).
[2017.03.20-07.08.17:635][  0]LogShaderCompilers: Cleaned the shader compiler working directory 'C:/Users/Liam/AppData/Local/Temp/UnrealShaderWorkingDir/F8EFC7CA44FD4981F170A5AD3342CFF7/'.
[2017.03.20-07.08.17:636][  0]LogShaderCompilers:Display: Using Local Shader Compiler.
[2017.03.20-07.08.21:698][  0]LogTemp:Display: Loaded TP AllDesktopTargetPlatform
[2017.03.20-07.08.21:792][  0]LogTemp:Display: Loaded TP MacClientTargetPlatform
[2017.03.20-07.08.21:891][  0]LogTemp:Display: Loaded TP MacNoEditorTargetPlatform
[2017.03.20-07.08.22:001][  0]LogTemp:Display: Loaded TP MacServerTargetPlatform
[2017.03.20-07.08.22:125][  0]LogTemp:Display: Loaded TP MacTargetPlatform
[2017.03.20-07.08.22:237][  0]LogTemp:Display: Loaded TP WindowsClientTargetPlatform
[2017.03.20-07.08.22:354][  0]LogTemp:Display: Loaded TP WindowsNoEditorTargetPlatform
[2017.03.20-07.08.22:468][  0]LogTemp:Display: Loaded TP WindowsServerTargetPlatform
[2017.03.20-07.08.22:561][  0]LogTemp:Display: Loaded TP WindowsTargetPlatform
[2017.03.20-07.08.22:688][  0]LogTemp:Display: Loaded TP AndroidTargetPlatform
[2017.03.20-07.08.22:792][  0]LogTemp:Display: Loaded TP Android_ASTCTargetPlatform
[2017.03.20-07.08.22:889][  0]LogTemp:Display: Loaded TP Android_ATCTargetPlatform
[2017.03.20-07.08.22:999][  0]LogTemp:Display: Loaded TP Android_DXTTargetPlatform
[2017.03.20-07.08.23:095][  0]LogTemp:Display: Loaded TP Android_ETC1TargetPlatform
[2017.03.20-07.08.23:188][  0]LogTemp:Display: Loaded TP Android_ETC2TargetPlatform
[2017.03.20-07.08.23:398][  0]LogTemp:Display: Loaded TP Android_MultiTargetPlatform
[2017.03.20-07.08.23:398][  0]LogTemp:Display: Loaded TP Android_PVRTCTargetPlatform
[2017.03.20-07.08.23:480][  0]LogTemp:Display: Loaded TP HTML5TargetPlatform
[2017.03.20-07.08.23:745][  0]LogTemp:Display: Loaded TP IOSTargetPlatform
[2017.03.20-07.08.23:808][  0]LogTemp:Display: Loaded TP TVOSTargetPlatform
[2017.03.20-07.08.23:900][  0]LogTemp:Display: Loaded TP LinuxClientTargetPlatform
[2017.03.20-07.08.23:990][  0]LogTemp:Display: Loaded TP LinuxNoEditorTargetPlatform
[2017.03.20-07.08.24:093][  0]LogTemp:Display: Loaded TP LinuxServerTargetPlatform
[2017.03.20-07.08.24:209][  0]LogTemp:Display: Loaded TP LinuxTargetPlatform
[2017.03.20-07.08.24:209][  0]LogTargetPlatformManager:Display: Building Assets For Windows
[2017.03.20-07.08.25:189][  0]LogDerivedDataCache:Display: Max Cache Size: 512 MB
[2017.03.20-07.08.30:462][  0]LogDerivedDataCache: Loaded boot cache 5.25s 51MB C:/Users/Liam/AppData/Local/UnrealEngine/4.15/DerivedDataCache/Boot.ddc.
[2017.03.20-07.08.30:462][  0]LogDerivedDataCache:Display: Loaded Boot cache: C:/Users/Liam/AppData/Local/UnrealEngine/4.15/DerivedDataCache/Boot.ddc
[2017.03.20-07.08.30:462][  0]LogDerivedDataCache: FDerivedDataBackendGraph:  Pak pak cache file ../../../../../../Users/Liam/Documents/Unreal Projects/MoreItems/DerivedDataCache/DDC.ddp not found, will not use a pak cache.
[2017.03.20-07.08.30:462][  0]LogDerivedDataCache: Unable to find inner node Pak for hierarchical cache Hierarchy.
[2017.03.20-07.08.30:462][  0]LogDerivedDataCache: FDerivedDataBackendGraph:  CompressedPak pak cache file ../../../../../../Users/Liam/Documents/Unreal Projects/MoreItems/DerivedDataCache/Compressed.ddp not found, will not use a pak cache.
[2017.03.20-07.08.30:462][  0]LogDerivedDataCache: Unable to find inner node CompressedPak for hierarchical cache Hierarchy.
[2017.03.20-07.08.30:617][  0]LogDerivedDataCache:Display: Pak cache opened for reading ../../../Engine/DerivedDataCache/Compressed.ddp.
[2017.03.20-07.08.30:630][  0]LogDerivedDataCache: Using Local data cache path C:/Users/Liam/AppData/Local/UnrealEngine/Common/DerivedDataCache: Writable
[2017.03.20-07.08.30:643][  0]LogSlate: Using Freetype 2.6.0
[2017.03.20-07.08.30:644][  0]LogSlate: SlateFontCache - WITH_FREETYPE: 1, WITH_HARFBUZZ: 1
[2017.03.20-07.08.30:644][  0]LogSlate: SlateFontCache - WITH_FREETYPE: 1, WITH_HARFBUZZ: 1
[2017.03.20-07.08.40:587][  0]LogInit: Selected Device Profile: [Windows]
[2017.03.20-07.08.40:591][  0]LogContentStreaming: Texture pool size is 0.00 MB
[2017.03.20-07.08.40:944][  0]LogMeshUtilities: Using QuadricMeshReduction for automatic static mesh reduction
[2017.03.20-07.08.41:022][  0]LogSimplygon: Simplygon DLL not present - disabling.
[2017.03.20-07.08.41:102][  0]LogMeshUtilities: Using SimplygonSwarm for distributed automatic mesh merging
[2017.03.20-07.08.41:102][  0]LogMeshUtilities: No automatic skeletal mesh reduction module available
[2017.03.20-07.08.41:102][  0]LogMeshUtilities: No automatic mesh merging module available
[2017.03.20-07.08.42:015][  0]LogNetVersion: GetLocalNetworkVersion: CL: 3299760, ProjectName: moreitems, ProjectVersion: , EngineNetworkVersion: 2, GameNetworkVersion: 0, NetworkChecksum: 1337064013
[2017.03.20-07.08.42:091][  0]LogAssetRegistry: FAssetRegistry took 0.0213 seconds to start up
[2017.03.20-07.08.42:199][  0]LogPackageLocalizationCache: Processed 3 localized package path(s) for 2 prioritized culture(s) in 0.064975 seconds
[2017.03.20-07.08.42:205][  0]LogUObjectArray: 32475 objects as part of root set at end of initial load.
[2017.03.20-07.08.42:205][  0]LogUObjectAllocator: 7073368 out of 0 bytes used by permanent object pool.
[2017.03.20-07.08.42:205][  0]LogUObjectArray: CloseDisregardForGC: 0/0 objects in disregard for GC pool
[2017.03.20-07.08.42:316][  0]LogInit: WinSock: version 1.1 (2.2), MaxSocks=32767, MaxUdp=65467
[2017.03.20-07.09.26:934][  0]LogTcpMessaging: Initializing TcpMessaging bridge
[2017.03.20-07.09.27:021][  0]LogUdpMessaging: Initializing bridge on interface 0.0.0.0:0 to multicast group 230.0.0.1:6666.
[2017.03.20-07.09.28:040][  0]LogStats: FPlatformStackWalk::StackWalkAndDump -  0.357 s
[2017.03.20-07.09.28:040][  0]LogOutputDevice:Error: === Handled ensure: ===
[2017.03.20-07.09.28:040][  0]LogOutputDevice:Error: 
[2017.03.20-07.09.28:040][  0]LogOutputDevice:Error: Ensure condition failed: AttachmentRules.LocationRule == EAttachmentRule::KeepRelative && AttachmentRules.RotationRule == EAttachmentRule::KeepRelative && AttachmentRules.ScaleRule == EAttachmentRule::KeepRelative [File:D:\Build\++UE4+Release-4.15+Compile\Sync\Engine\Source\Runtime\Engine\Private\Components\SceneComponent.cpp] [Line: 1624]
[2017.03.20-07.09.28:040][  0]LogOutputDevice:Error: AttachToComponent when called from a constructor is only setting up attachment and will always be treated as KeepRelative. Consider calling SetupAttachment directly instead.
[2017.03.20-07.09.28:040][  0]LogOutputDevice:Error: Stack: 
[2017.03.20-07.09.28:040][  0]LogOutputDevice:Error: UE4Editor-Core.dll!0x00000000B0C695D6
[2017.03.20-07.09.28:040][  0]LogOutputDevice:Error: UE4Editor-Core.dll!0x00000000B0A19B72
[2017.03.20-07.09.28:040][  0]LogOutputDevice:Error: UE4Editor-Core.dll!0x00000000B0A2B656
[2017.03.20-07.09.28:040][  0]LogOutputDevice:Error: UE4Editor-Engine.dll!0x00000000A2B10B65
[2017.03.20-07.09.28:040][  0]LogOutputDevice:Error: UE4Editor-MoreItems-7043.dll!AItem::AItem() [c:\users\liam\documents\unreal projects\moreitems\source\moreitems\item.cpp:22]
[2017.03.20-07.09.28:040][  0]LogOutputDevice:Error: UE4Editor-MoreItems-7043.dll!InternalConstructor<AItem>()
[2017.03.20-07.09.28:040][  0]LogOutputDevice:Error: UE4Editor-CoreUObject.dll!0x00000000AD53200F
[2017.03.20-07.09.28:040][  0]LogOutputDevice:Error: UE4Editor-CoreUObject.dll!0x00000000AD6C9F60
[2017.03.20-07.09.28:040][  0]LogOutputDevice:Error: UE4Editor-CoreUObject.dll!0x00000000AD6AC160
[2017.03.20-07.09.28:040][  0]LogOutputDevice:Error: UE4Editor-CoreUObject.dll!0x00000000AD535637
[2017.03.20-07.09.28:040][  0]LogOutputDevice:Error: UE4Editor-Core.dll!0x00000000B08C7163
[2017.03.20-07.09.28:040][  0]LogOutputDevice:Error: UE4Editor-Core.dll!0x00000000B0A8C6FA
[2017.03.20-07.09.28:040][  0]LogOutputDevice:Error: UE4Editor-Projects.dll!0x00000000C7A9B4F2
[2017.03.20-07.09.28:040][  0]LogOutputDevice:Error: UE4Editor-Projects.dll!0x00000000C7A9B838
[2017.03.20-07.09.28:040][  0]LogOutputDevice:Error: UE4Editor.exe!0x00000000F41C2951
[2017.03.20-07.09.28:040][  0]LogOutputDevice:Error: UE4Editor.exe!0x00000000F41C6A02
[2017.03.20-07.09.28:040][  0]LogOutputDevice:Error: UE4Editor.exe!0x00000000F41BE96A
[2017.03.20-07.09.28:040][  0]LogOutputDevice:Error: UE4Editor.exe!0x00000000F41BEBBA
[2017.03.20-07.09.28:040][  0]LogOutputDevice:Error: UE4Editor.exe!0x00000000F41D0A29
[2017.03.20-07.09.28:040][  0]LogOutputDevice:Error: UE4Editor.exe!0x00000000F41D22B6
[2017.03.20-07.09.28:040][  0]LogOutputDevice:Error: KERNEL32.DLL!0x00000000E12B8364
[2017.03.20-07.09.28:040][  0]LogOutputDevice:Error: ntdll.dll!0x00000000E14270D1
[2017.03.20-07.09.28:040][  0]LogOutputDevice:Error: 
[2017.03.20-07.09.28:047][  0]LogStats:                SubmitErrorReport -  0.000 s
[2017.03.20-07.09.28:258][  0]LogStats:                    SendNewReport -  0.211 s
[2017.03.20-07.09.28:258][  0]LogStats:             FDebug::EnsureFailed -  0.575 s
[2017.03.20-07.09.29:666][  0]LogMaterial: Uniform references updated for custom material expression Custom.
[2017.03.20-07.09.30:429][  0]SourceControl: Info Source control is disabled
[2017.03.20-07.09.30:430][  0]SourceControl: Info Source control is disabled
[2017.03.20-07.09.30:597][  0]SourceControl: Info Source control is disabled
[2017.03.20-07.09.30:710][  0]SourceControl: Info Source control is disabled
[2017.03.20-07.09.34:353][  0]LogEngine: Initializing Engine...
[2017.03.20-07.09.34:354][  0]LogHMD: Failed to initialize OpenVR with code 110
[2017.03.20-07.09.34:734][  0]LogAIModule: Creating AISystem for world Untitled
[2017.03.20-07.09.34:763][  0]LogInit: XAudio2 using 'Headset Earphone (2- Logitech G933 Gaming Headset)' : 2 channels at 44.1 kHz using 16 bits per sample (channel mask 0x3)
[2017.03.20-07.09.34:797][  0]LogInit: FAudioDevice initialized.
[2017.03.20-07.09.34:855][  0]LogDerivedDataCache: Saved boot cache 0.06s 51MB C:/Users/Liam/AppData/Local/UnrealEngine/4.15/DerivedDataCache/Boot.ddc.
[2017.03.20-07.09.34:878][  0]LogInit: Texture streaming: Enabled
[2017.03.20-07.09.35:142][  0]LogEngineSessionManager: EngineSessionManager initialized
[2017.03.20-07.09.35:174][  0]LogEngineSessionManager: EngineSessionManager sent abnormal shutdown report. Type=Crashed, SessionId={D0EC75AC-4C2C-5731-C11E-929F2884EFBD}
[2017.03.20-07.09.35:326][  0]LogInit: Transaction tracking system initialized
[2017.03.20-07.09.36:023][  0]BlueprintLog: New page: Editor Load
[2017.03.20-07.09.38:366][  0]LocalizationService: Info Localization service is disabled
[2017.03.20-07.09.39:953][  0]LogConsoleResponse:Display: 
[2017.03.20-07.09.40:739][  0]LogCook:Display: Max memory allowance for cook 16384mb min free memory 0mb
[2017.03.20-07.09.40:740][  0]LogCook:Display: Mobile HDR setting 1
[2017.03.20-07.09.41:048][  0]LogFileCache: Scanning file cache for directory 'C:/Users/Liam/Documents/Unreal Projects/MoreItems/Content/' took 0.02s
[2017.03.20-07.09.43:473][  0]SourceControl: Info Source control is disabled
[2017.03.20-07.09.43:473][  0]Cmd: MAP LOAD FILE="../../../../../../Users/Liam/Documents/Unreal Projects/MoreItems/Content/FirstPersonCPP/Maps/FirstPersonExampleMap.umap" TEMPLATE=0 SHOWPROGRESS=1 FEATURELEVEL=3
[2017.03.20-07.09.43:474][  0]LightingResults: New page: Lighting Build
[2017.03.20-07.09.43:539][  0]MapCheck: New page: Map Check
[2017.03.20-07.09.43:539][  0]LightingResults: New page: Lighting Build
[2017.03.20-07.09.44:182][  0]LogAIModule: Creating AISystem for world FirstPersonExampleMap
[2017.03.20-07.09.44:195][  0]LogEditorServer: Finished looking for orphan Actors (0.000 secs)
[2017.03.20-07.09.44:196][  0]Cmd: MAP CHECKDEP NOCLEARLOG
[2017.03.20-07.09.44:281][  0]MapCheck: Info Map check complete: 0 Error(s), 0 Warning(s), took 84.326ms to complete.
[2017.03.20-07.09.44:281][  0]LogFileHelpers: Loading map 'FirstPersonExampleMap' took 0.808
[2017.03.20-07.09.44:350][  0]LogWindowsTextInputMethodSystem:Display: IME system now deactivated.
[2017.03.20-07.09.44:629][  0]LogCollectionManager: Loaded 0 collections in 0.002686 seconds
[2017.03.20-07.09.44:735][  0]LogFileCache: Scanning file cache for directory 'C:/Users/Liam/Documents/Unreal Projects/MoreItems/Saved/Collections/' took 0.01s
[2017.03.20-07.09.44:735][  0]LogFileCache: Scanning file cache for directory 'C:/Users/Liam/Documents/Unreal Projects/MoreItems/Content/Developers/Liam/Collections/' took 0.01s
[2017.03.20-07.09.44:735][  0]LogFileCache: Scanning file cache for directory 'C:/Users/Liam/Documents/Unreal Projects/MoreItems/Content/Collections/' took 0.01s
[2017.03.20-07.09.44:735][  0]LogCollectionManager: Rebuilt the GUID cache for 0 collections in 0.000002 seconds
[2017.03.20-07.09.44:753][  0]LogContentBrowser: Native class hierarchy populated in 0.0179 seconds. Added 2250 classes and 452 folders.
[2017.03.20-07.09.44:758][  0]LogStats: UGameplayTagsManager::ConstructGameplayTagTree: Construct from data asset -  0.000 s
[2017.03.20-07.09.44:758][  0]LogStats: UGameplayTagsManager::ConstructGameplayTagTree: GameplayTagTreeChangedEvent.Broadcast -  0.000 s
[2017.03.20-07.09.44:865][  0]LogContentBrowser: Native class hierarchy updated for 'WidgetCarousel' in 0.0022 seconds. Added 0 classes and 0 folders.
[2017.03.20-07.09.47:537][  0]LogContentBrowser: Native class hierarchy updated for 'AddContentDialog' in 0.0032 seconds. Added 0 classes and 0 folders.
[2017.03.20-07.09.47:639][  0]LogContentBrowser: Native class hierarchy updated for 'SceneOutliner' in 0.0024 seconds. Added 1 classes and 2 folders.
[2017.03.20-07.09.47:719][  0]LogCrashTracker: Crashtracker disabled due to settings.
[2017.03.20-07.09.47:728][  0]LogUObjectGlobals:Warning: Failed to find object 'Class None.'
[2017.03.20-07.09.47:883][  0]LogContentBrowser: Native class hierarchy updated for 'HierarchicalLODOutliner' in 0.0023 seconds. Added 1 classes and 2 folders.
[2017.03.20-07.09.47:883][  0]LogLoad: (Engine Initialization) Total time: 104.24 seconds
[2017.03.20-07.09.47:883][  0]LogLoad: (Engine Initialization) Total Blueprint compile time: 0.27 seconds
[2017.03.20-07.09.47:883][  0]LogExternalProfiler: Found external profiler: VSPerf
[2017.03.20-07.09.47:883][  0]LogExternalProfiler: Using external profiler: VSPerf
[2017.03.20-07.09.47:893][  0]LogOcInput: OculusInput pre-init called
[2017.03.20-07.09.47:915][  0]LogContentStreaming: Texture pool size now 1000 MB
[2017.03.20-07.09.47:917][  0]LogSlate: Took 0.000395 seconds to synchronously load lazily loaded font '../../../Engine/Content/Slate/Fonts/Roboto-Regular.ttf' (155K)
[2017.03.20-07.09.47:922][  0]LogSlate: Took 0.000329 seconds to synchronously load lazily loaded font '../../../Engine/Content/Slate/Fonts/Roboto-Bold.ttf' (160K)
[2017.03.20-07.09.48:005][  0]LogSlate: Took 0.077187 seconds to synchronously load lazily loaded font '../../../Engine/Content/Editor/Slate/Fonts/FontAwesome.ttf' (139K)
[2017.03.20-07.09.48:240][  0]LogRenderer: Reallocating scene render targets to support 1164x600 NumSamples 1 (Frame:2).
[2017.03.20-07.09.48:240][  0]LogSlate: Took 0.073491 seconds to synchronously load lazily loaded font '../../../Engine/Content/Slate/Fonts/Roboto-Light.ttf' (159K)
[2017.03.20-07.09.48:389][  2]LogAssetRegistry: Asset discovery search completed in 66.3190 seconds
[2017.03.20-07.09.48:389][  2]LogCollectionManager: Rebuilt the object cache for 0 collections in 0.000006 seconds (found 0 objects)
[2017.03.20-07.09.48:389][  2]LogCollectionManager: Fixed up redirectors for 0 collections in 0.000022 seconds (updated 0 objects)
[2017.03.20-07.10.59:866][  5]LogSlate: Took 0.000230 seconds to synchronously load lazily loaded font '../../../Engine/Content/Slate/Fonts/Roboto-Light.ttf' (159K)
[2017.03.20-07.11.00:067][  5]LogVSAccessor:Warning: Couldn't goto line number '0' in 'C:/Users/Liam/Documents/Unreal Projects/MoreItems/Source/MoreItems/Fire.h'
[2017.03.20-07.11.00:171][  5]LogVSAccessor:Warning: Couldn't goto line number '0' in 'C:/Users/Liam/Documents/Unreal Projects/MoreItems/Source/MoreItems/Fire.cpp'
[2017.03.20-07.16.23:265][201]LogHotReload: New module detected: UE4Editor-MoreItems-7981.dll
[2017.03.20-07.16.24:971][207]LogHotReload: Starting Hot-Reload from IDE
[2017.03.20-07.16.25:285][207]LogClass: Could not find existing class Fire in package /Script/MoreItems for HotReload, assuming new class
[2017.03.20-07.16.25:309][207]LogHotReload: Re-instancing Fire after hot-reload.
[2017.03.20-07.16.25:906][207]LogContentBrowser: Native class hierarchy updated for 'MoreItems' in 0.0025 seconds. Added 6 classes and 2 folders.
[2017.03.20-07.16.25:908][207]Display: HotReload successful (3 functions remapped  0 scriptstructs remapped)
[2017.03.20-07.16.25:993][207]LogContentBrowser: Native class hierarchy populated in 0.0156 seconds. Added 2252 classes and 456 folders.
[2017.03.20-07.16.26:432][207]Display: HotReload took  1.5s.
[2017.03.20-07.17.23:864][582]LogVSAccessor:Warning: Couldn't goto line number '0' in 'C:/Users/Liam/Documents/Unreal Projects/MoreItems/Source/MoreItems/Fire.h'
[2017.03.20-07.17.24:775][582]LogVSAccessor:Warning: Couldn't goto line number '0' in 'C:/Users/Liam/Documents/Unreal Projects/MoreItems/Source/MoreItems/Fire.cpp'
[2017.03.20-07.38.49:453][252]LogSlate: Only BGRA pngs, bmps or icos are supported in by External Image Picker
[2017.03.20-07.38.49:626][253]LogTemp:Display: Executing iPhonePackager certificates Engine -bundlename com.YourCompany.MoreItems

[2017.03.20-07.38.49:626][253]LogTemp:Display: CWD: C:\Program Files\Epic Games\UE_4.15\Engine\Binaries\DotNET\IOS

[2017.03.20-07.38.49:626][253]LogTemp:Display: Initial Dir: C:\Program Files\Epic Games\UE_4.15

[2017.03.20-07.38.49:626][253]LogTemp:Display: Env CWD: C:\Program Files\Epic Games\UE_4.15\Engine\Binaries\DotNET\IOS

[2017.03.20-07.38.49:626][253]LogTemp:Display: BranchPath = ULTIMATESKIBUM/C/Program Files/Epic Games/UE_4.15/Engine/Binaries --- GameBranchPath = ULTIMATESKIBUM/C/Program Files/Epic Games/UE_4.15/Engine/Binaries

[2017.03.20-07.38.49:626][253]LogTemp:Display: IPP ERROR: Application exception: System.IO.DirectoryNotFoundException: Could not find a part of the path 'C:\Users\Liam\AppData\Local\Apple Computer\MobileDevice\Provisioning Profiles'.

[2017.03.20-07.38.49:626][253]LogTemp:Display:    at System.IO.__Error.WinIOError(Int32 errorCode, String maybeFullPath)

[2017.03.20-07.38.49:626][253]LogTemp:Display:    at System.IO.FileSystemEnumerableIterator`1.CommonInit()

[2017.03.20-07.38.49:626][253]LogTemp:Display:    at System.IO.Directory.EnumerateFiles(String path, String searchPattern)

[2017.03.20-07.38.49:626][253]LogTemp:Display:    at iPhonePackager.CodeSignatureBuilder.FindProvisions(String CFBundleIdentifier)

[2017.03.20-07.38.49:626][253]LogTemp:Display:    at iPhonePackager.Program.Main(String[] args)

[2017.03.20-08.00.42:556][776]Recompiling MoreItems...
[2017.03.20-08.00.42:557][776]Launching UnrealBuildTool... [C:/Program Files/Epic Games/UE_4.15/Engine/Binaries/DotNET/UnrealBuildTool.exe MoreItems -ModuleWithSuffix MoreItems 1787 Win64 Development -editorrecompile -canskiplink "C:/Users/Liam/Documents/Unreal Projects/MoreItems/MoreItems.uproject" ]
[2017.03.20-08.00.42:563][776]Warning: Starting HotReload took  0.0s.
[2017.03.20-08.03.12:292][103]CompilerResultsLog: New page: Compilation - Mar 19, 2017, 6:03:12 PM
[2017.03.20-08.03.12:438][103]CompilerResultsLog: Info Creating makefile for hot reloading MoreItems (modules to compile have changed)
[2017.03.20-08.03.12:438][103]CompilerResultsLog: Info Compiling game modules for hot reload
[2017.03.20-08.03.12:438][103]CompilerResultsLog: Info Parsing headers for MoreItemsEditor
[2017.03.20-08.03.12:438][103]CompilerResultsLog: Info   Running UnrealHeaderTool "C:\Users\Liam\Documents\Unreal Projects\MoreItems\MoreItems.uproject" "C:\Users\Liam\Documents\Unreal Projects\MoreItems\Intermediate\Build\Win64\MoreItemsEditor\Development\MoreItemsEditor.uhtmanifest" -LogCmds="loginit warning, logexit warning, logdatabase error" -Unattended -WarningsAsErrors -installed
[2017.03.20-08.03.12:438][103]CompilerResultsLog: Info Reflection code generated for MoreItemsEditor in 5.3821594 seconds
[2017.03.20-08.03.12:438][103]CompilerResultsLog: Info Performing 7 actions (4 in parallel)
[2017.03.20-08.03.12:438][103]CompilerResultsLog: Info Item.cpp
[2017.03.20-08.03.12:438][103]CompilerResultsLog: Info MoreItemsGameMode.cpp
[2017.03.20-08.03.12:438][103]CompilerResultsLog: Info Fire.cpp
[2017.03.20-08.03.12:438][103]CompilerResultsLog: Info MoreItemsCharacter.cpp
[2017.03.20-08.03.12:438][103]CompilerResultsLog: Info MoreItems.generated.cpp
[2017.03.20-08.03.12:438][103]CompilerResultsLog:Error: Error C:\Users\Liam\Documents\Unreal Projects\MoreItems\Source\MoreItems\Fire.cpp(64) : error C4002: too many actual parameters for macro 'TEXT'
[2017.03.20-08.03.12:446][103]CompilerResultsLog: Info ERROR: UBT ERROR: Failed to produce item: C:\Users\Liam\Documents\Unreal Projects\MoreItems\Binaries\Win64\UE4Editor-MoreItems-1787.dll
[2017.03.20-08.03.12:446][103]CompilerResultsLog: Info Total build time: 148.04 seconds (Local executor: 0.00 seconds)
[2017.03.20-08.03.12:446][103]LogMainFrame: MainFrame: Module compiling took 149.901 seconds
[2017.03.20-08.03.12:525][103]Warning: HotReload failed, recompile failed
[2017.03.20-08.04.12:840][710]Recompiling MoreItems...
[2017.03.20-08.04.12:840][710]Launching UnrealBuildTool... [C:/Program Files/Epic Games/UE_4.15/Engine/Binaries/DotNET/UnrealBuildTool.exe MoreItems -ModuleWithSuffix MoreItems 9978 Win64 Development -editorrecompile -canskiplink "C:/Users/Liam/Documents/Unreal Projects/MoreItems/MoreItems.uproject" ]
[2017.03.20-08.04.12:845][710]Warning: Starting HotReload took  0.1s.
[2017.03.20-08.06.20:070][681]CompilerResultsLog: New page: Compilation - Mar 19, 2017, 6:06:20 PM
[2017.03.20-08.06.20:070][681]CompilerResultsLog: Info Compiling game modules for hot reload
[2017.03.20-08.06.20:070][681]CompilerResultsLog: Info Performing 3 actions (4 in parallel)
[2017.03.20-08.06.20:070][681]CompilerResultsLog: Info Fire.cpp
[2017.03.20-08.06.20:070][681]CompilerResultsLog: Info [2/3] Link UE4Editor-MoreItems-9978.dll
[2017.03.20-08.06.20:070][681]CompilerResultsLog: Info [3/3] Link UE4Editor-MoreItems-9978.lib
[2017.03.20-08.06.20:070][681]CompilerResultsLog: Info    Creating library C:\Users\Liam\Documents\Unreal Projects\MoreItems\Intermediate\Build\Win64\UE4Editor\Development\UE4Editor-MoreItems-9978.lib and object C:\Users\Liam\Documents\Unreal Projects\MoreItems\Intermediate\Build\Win64\UE4Editor\Development\UE4Editor-MoreItems-9978.exp
[2017.03.20-08.06.20:070][681]CompilerResultsLog: Info    Creating library C:\Users\Liam\Documents\Unreal Projects\MoreItems\Intermediate\Build\Win64\UE4Editor\Development\UE4Editor-MoreItems-9978.suppressed.lib and object C:\Users\Liam\Documents\Unreal Projects\MoreItems\Intermediate\Build\Win64\UE4Editor\Development\UE4Editor-MoreItems-9978.suppressed.exp
[2017.03.20-08.06.20:070][681]CompilerResultsLog: Info Total build time: 125.44 seconds (Local executor: 119.71 seconds)
[2017.03.20-08.06.20:070][681]LogMainFrame: MainFrame: Module compiling took 127.236 seconds
[2017.03.20-08.06.21:870][681]LogClass: Could not find existing class MoreItemsCharacter in package /Script/MoreItems for HotReload, assuming new class
[2017.03.20-08.06.21:876][681]LogClass: Could not find existing class Fire in package /Script/MoreItems for HotReload, assuming new class
[2017.03.20-08.06.21:876][681]LogClass: Function TriggerEnter is new.
[2017.03.20-08.06.21:876][681]LogClass: Function TriggerExit is new.
[2017.03.20-08.06.22:004][681]LogHotReload: Re-instancing MoreItemsCharacter after hot-reload.
[2017.03.20-08.06.23:175][681]LogHotReload: Re-instancing Fire after hot-reload.
[2017.03.20-08.06.23:223][681]LogContentBrowser: Native class hierarchy updated for 'MoreItems' in 0.0030 seconds. Added 6 classes and 2 folders.
[2017.03.20-08.06.23:225][681]Display: HotReload successful (3 functions remapped  0 scriptstructs remapped)
[2017.03.20-08.06.23:379][681]LogContentBrowser: Native class hierarchy populated in 0.0355 seconds. Added 2252 classes and 456 folders.
[2017.03.20-08.06.23:379][681]Display: HotReload took 130.6s.
[2017.03.20-08.06.31:582][207]LogEditor: Attempting to add actor of class 'Fire' to level at -380.00,-550.00,170.00
[2017.03.20-08.06.33:194][282]LogEditor: Attempting to add actor of class 'Fire' to level at -20.00,-750.00,170.00
[2017.03.20-08.06.38:009][627]LogSlate: Took 0.024231 seconds to synchronously load lazily loaded font '../../../Engine/Content/Editor/Slate/Fonts/Roboto-Italic.ttf' (157K)
[2017.03.20-08.06.40:509][789]LogSlate: Took 0.027907 seconds to synchronously load lazily loaded font '../../../Engine/Content/Slate/Fonts/Roboto-Light.ttf' (159K)
[2017.03.20-08.07.19:416][ 24]LogSavePackage: Save=317.10ms
[2017.03.20-08.07.19:416][ 24]LogSavePackage: Moving '../../../../../../Users/Liam/Documents/Unreal Projects/MoreItems/Saved/FirstPersonExampleMap_Auto1C50CB4494B8712FE610AA8BDC4C0621A.tmp' to '../../../../../../Users/Liam/Documents/Unreal Projects/MoreItems/Saved/Autosaves/Game/FirstPersonCPP/Maps/FirstPersonExampleMap_Auto1.umap'
[2017.03.20-08.07.19:432][ 24]LogSavePackage:Display: Finished SavePackage ../../../../../../Users/Liam/Documents/Unreal Projects/MoreItems/Saved/Autosaves/Game/FirstPersonCPP/Maps/FirstPersonExampleMap_Auto1.umap
[2017.03.20-08.07.19:460][ 24]LogFileHelpers: Editor autosave (incl. sublevels) for '/Game/FirstPersonCPP/Maps/FirstPersonExampleMap' took 0.538
[2017.03.20-08.07.19:460][ 24]LogFileHelpers: Editor autosave (incl. sublevels) for all levels took 0.538
[2017.03.20-08.07.33:287][373]LogEditorViewport: Clicking on Actor (LMB): StaticMeshActor (Floor)
[2017.03.20-08.07.46:255][956]LogEditorViewport: Clicking on Actor (LMB): Fire (Fire1)
[2017.03.20-08.08.11:860][ 99]LogSlate: Took 0.032149 seconds to synchronously load lazily loaded font '../../../Engine/Content/Editor/Slate/Fonts/Roboto-BoldCondensed.ttf' (158K)
[2017.03.20-08.08.21:951][954]LogSlate: Took 0.012911 seconds to synchronously load lazily loaded font '../../../Engine/Content/Slate/Fonts/Roboto-Regular.ttf' (155K)
[2017.03.20-08.08.22:360][954]LogContentBrowser: Native class hierarchy updated for 'BlueprintGraph' in 0.0029 seconds. Added 112 classes and 0 folders.
[2017.03.20-08.10.01:220][807]BlueprintLog: New page: Compile BP_Matches
[2017.03.20-08.10.34:452][ 50]BlueprintLog: New page: Compile BP_Matches
[2017.03.20-08.10.35:618][107]Cmd: OBJ SAVEPACKAGE PACKAGE="/Game/BP_Matches" FILE="../../../../../../Users/Liam/Documents/Unreal Projects/MoreItems/Content/BP_Matches.uasset" SILENT=true
[2017.03.20-08.10.35:669][107]LogSavePackage: Save=48.86ms
[2017.03.20-08.10.35:669][107]LogSavePackage: Moving '../../../../../../Users/Liam/Documents/Unreal Projects/MoreItems/Saved/BP_Matches12E04517486519CF5294FCADC4CCDFFC.tmp' to '../../../../../../Users/Liam/Documents/Unreal Projects/MoreItems/Content/BP_Matches.uasset'
[2017.03.20-08.10.35:672][107]LogSavePackage:Display: Finished SavePackage ../../../../../../Users/Liam/Documents/Unreal Projects/MoreItems/Content/BP_Matches.uasset
[2017.03.20-08.10.44:285][875]LogMetaData: Removing '/Game/Blueprints/BP_Matches.BP_Matches:UserConstructionScript.K2Node_FunctionEntry_0' ref from Metadata '/Game/BP_Matches.PackageMetaData'
[2017.03.20-08.10.44:286][875]LogMetaData: Removing '/Game/Blueprints/BP_Matches.BP_Matches_C:UserConstructionScript' ref from Metadata '/Game/BP_Matches.PackageMetaData'
[2017.03.20-08.10.44:286][875]LogMetaData: Removing '/Game/Blueprints/BP_Matches.SKEL_BP_Matches_C' ref from Metadata '/Game/BP_Matches.PackageMetaData'
[2017.03.20-08.10.44:286][875]LogMetaData: Removing '/Game/Blueprints/BP_Matches.SKEL_BP_Matches_C:UserConstructionScript' ref from Metadata '/Game/BP_Matches.PackageMetaData'
[2017.03.20-08.10.44:286][875]LogMetaData: Removing '/Game/Blueprints/BP_Matches.BP_Matches_C' ref from Metadata '/Game/BP_Matches.PackageMetaData'
[2017.03.20-08.10.44:286][875]LogMetaData: Removing '/Game/Blueprints/BP_Matches.BP_Matches:EventGraph.K2Node_Event_0' ref from Metadata '/Game/BP_Matches.PackageMetaData'
[2017.03.20-08.10.44:286][875]LogMetaData: Removing '/Game/Blueprints/BP_Matches.BP_Matches:EventGraph.K2Node_Event_1' ref from Metadata '/Game/BP_Matches.PackageMetaData'
[2017.03.20-08.10.44:286][875]LogMetaData: Removing '/Game/Blueprints/BP_Matches.BP_Matches:EventGraph.K2Node_Event_2' ref from Metadata '/Game/BP_Matches.PackageMetaData'
[2017.03.20-08.10.44:331][875]Cmd: OBJ SAVEPACKAGE PACKAGE="/Game/Blueprints/BP_Matches" FILE="../../../../../../Users/Liam/Documents/Unreal Projects/MoreItems/Content/Blueprints/BP_Matches.uasset" SILENT=true
[2017.03.20-08.10.44:358][875]LogSavePackage: Save=25.90ms
[2017.03.20-08.10.44:358][875]LogSavePackage: Moving '../../../../../../Users/Liam/Documents/Unreal Projects/MoreItems/Saved/BP_Matches06E78C2D4022081FB8D2199F24859290.tmp' to '../../../../../../Users/Liam/Documents/Unreal Projects/MoreItems/Content/Blueprints/BP_Matches.uasset'
[2017.03.20-08.10.44:363][875]LogSavePackage:Display: Finished SavePackage ../../../../../../Users/Liam/Documents/Unreal Projects/MoreItems/Content/Blueprints/BP_Matches.uasset
[2017.03.20-08.11.17:069][922]Recompiling MoreItems...
[2017.03.20-08.11.17:069][922]Launching UnrealBuildTool... [C:/Program Files/Epic Games/UE_4.15/Engine/Binaries/DotNET/UnrealBuildTool.exe MoreItems -ModuleWithSuffix MoreItems 5188 Win64 Development -editorrecompile -canskiplink "C:/Users/Liam/Documents/Unreal Projects/MoreItems/MoreItems.uproject" ]
[2017.03.20-08.11.17:071][922]Warning: Starting HotReload took  0.0s.
[2017.03.20-08.11.18:180][ 14]CompilerResultsLog: New page: Compilation - Mar 19, 2017, 6:11:18 PM
[2017.03.20-08.11.18:180][ 14]CompilerResultsLog: Info Compiling game modules for hot reload
[2017.03.20-08.11.18:180][ 14]CompilerResultsLog: Info Target is up to date
[2017.03.20-08.11.18:180][ 14]CompilerResultsLog: Info Total build time: 0.75 seconds (NoActionsToExecute executor: 0.00 seconds)
[2017.03.20-08.11.18:180][ 14]LogMainFrame: MainFrame: Module compiling took 1.116 seconds
[2017.03.20-08.11.18:544][ 14]LogContentBrowser: Native class hierarchy populated in 0.0154 seconds. Added 2252 classes and 456 folders.
[2017.03.20-08.11.18:544][ 14]Display: HotReload took  1.5s.
[2017.03.20-08.11.42:003][ 90]LogEditorViewport: Clicking on Actor (LMB): StaticMeshActor (Floor)
[2017.03.20-08.11.43:269][193]LogTemp: Repeting last play command: Selected Viewport
[2017.03.20-08.11.43:326][193]LogBlueprintUserMessages: Early PlayInEditor Detection: Level '/Game/FirstPersonCPP/Maps/FirstPersonExampleMap.FirstPersonExampleMap:PersistentLevel' has LevelScriptBlueprint '/Game/FirstPersonCPP/Maps/FirstPersonExampleMap.FirstPersonExampleMap:PersistentLevel.FirstPersonExampleMap' with GeneratedClass '/Game/FirstPersonCPP/Maps/FirstPersonExampleMap.FirstPersonExampleMap_C' with ClassGeneratedBy '/Game/FirstPersonCPP/Maps/FirstPersonExampleMap.FirstPersonExampleMap:PersistentLevel.FirstPersonExampleMap'
[2017.03.20-08.11.43:342][193]LogPlayLevel: PlayLevel: No blueprints needed recompiling
[2017.03.20-08.11.43:425][193]PIE: New page: PIE session: FirstPersonExampleMap (Mar 19, 2017, 6:11:43 PM)
[2017.03.20-08.11.43:432][193]LogPlayLevel: Creating play world package: /Game/FirstPersonCPP/Maps/UEDPIE_0_FirstPersonExampleMap
[2017.03.20-08.11.43:574][193]LogPlayLevel: PIE: StaticDuplicateObject took: (0.142125s)
[2017.03.20-08.11.43:575][193]LogAIModule: Creating AISystem for world FirstPersonExampleMap
[2017.03.20-08.11.43:576][193]LogPlayLevel: PIE: World Init took: (0.001409s)
[2017.03.20-08.11.43:587][193]LogPlayLevel: PIE: Created PIE world by copying editor world from /Game/FirstPersonCPP/Maps/FirstPersonExampleMap.FirstPersonExampleMap to /Game/FirstPersonCPP/Maps/UEDPIE_0_FirstPersonExampleMap.FirstPersonExampleMap (0.155077s)
[2017.03.20-08.11.43:703][193]LogInit: XAudio2 using 'Headset Earphone (2- Logitech G933 Gaming Headset)' : 2 channels at 44.1 kHz using 16 bits per sample (channel mask 0x3)
[2017.03.20-08.11.43:725][193]LogInit: FAudioDevice initialized.
[2017.03.20-08.11.43:927][193]LogLoad: Game class is 'MoreItemsGameMode'
[2017.03.20-08.11.44:080][193]LogWorld: Bringing World /Game/FirstPersonCPP/Maps/UEDPIE_0_FirstPersonExampleMap.FirstPersonExampleMap up for play (max tick rate 0) at 2017.03.20-01.11.44
[2017.03.20-08.11.44:127][193]LogWorld: Bringing up level for play took: 0.066198
[2017.03.20-08.11.44:387][193]LogContentBrowser: Native class hierarchy updated for 'MovieSceneCapture' in 0.0024 seconds. Added 11 classes and 0 folders.
[2017.03.20-08.11.44:442][193]PIE: Info Play in editor start time for /Game/FirstPersonCPP/Maps/UEDPIE_0_FirstPersonExampleMap 1.048
[2017.03.20-08.11.44:442][193]LogBlueprintUserMessages: Late PlayInEditor Detection: Level '/Game/FirstPersonCPP/Maps/FirstPersonExampleMap.FirstPersonExampleMap:PersistentLevel' has LevelScriptBlueprint '/Game/FirstPersonCPP/Maps/FirstPersonExampleMap.FirstPersonExampleMap:PersistentLevel.FirstPersonExampleMap' with GeneratedClass '/Game/FirstPersonCPP/Maps/FirstPersonExampleMap.FirstPersonExampleMap_C' with ClassGeneratedBy '/Game/FirstPersonCPP/Maps/FirstPersonExampleMap.FirstPersonExampleMap:PersistentLevel.FirstPersonExampleMap'
[2017.03.20-08.12.19:538][323]LogBlueprintUserMessages: Early EndPlayMap Detection: Level '/Game/FirstPersonCPP/Maps/FirstPersonExampleMap.FirstPersonExampleMap:PersistentLevel' has LevelScriptBlueprint '/Game/FirstPersonCPP/Maps/FirstPersonExampleMap.FirstPersonExampleMap:PersistentLevel.FirstPersonExampleMap' with GeneratedClass '/Game/FirstPersonCPP/Maps/FirstPersonExampleMap.FirstPersonExampleMap_C' with ClassGeneratedBy '/Game/FirstPersonCPP/Maps/FirstPersonExampleMap.FirstPersonExampleMap:PersistentLevel.FirstPersonExampleMap'
[2017.03.20-08.12.19:724][323]LogBlueprintUserMessages: Late EndPlayMap Detection: Level '/Game/FirstPersonCPP/Maps/FirstPersonExampleMap.FirstPersonExampleMap:PersistentLevel' has LevelScriptBlueprint '/Game/FirstPersonCPP/Maps/FirstPersonExampleMap.FirstPersonExampleMap:PersistentLevel.FirstPersonExampleMap' with GeneratedClass '/Game/FirstPersonCPP/Maps/FirstPersonExampleMap.FirstPersonExampleMap_C' with ClassGeneratedBy '/Game/FirstPersonCPP/Maps/FirstPersonExampleMap.FirstPersonExampleMap:PersistentLevel.FirstPersonExampleMap'
[2017.03.20-08.12.41:137][761]LogEditorViewport: Clicking on Actor (LMB): Fire (Fire1)
[2017.03.20-08.13.53:737][350]Recompiling MoreItems...
[2017.03.20-08.13.53:737][350]Launching UnrealBuildTool... [C:/Program Files/Epic Games/UE_4.15/Engine/Binaries/DotNET/UnrealBuildTool.exe MoreItems -ModuleWithSuffix MoreItems 8698 Win64 Development -editorrecompile -canskiplink "C:/Users/Liam/Documents/Unreal Projects/MoreItems/MoreItems.uproject" ]
[2017.03.20-08.13.53:739][350]Warning: Starting HotReload took  0.0s.
[2017.03.20-08.13.54:859][444]CompilerResultsLog: New page: Compilation - Mar 19, 2017, 6:13:54 PM
[2017.03.20-08.13.54:859][444]CompilerResultsLog: Info Compiling game modules for hot reload
[2017.03.20-08.13.54:859][444]CompilerResultsLog: Info Target is up to date
[2017.03.20-08.13.54:859][444]CompilerResultsLog: Info Total build time: 0.76 seconds (NoActionsToExecute executor: 0.00 seconds)
[2017.03.20-08.13.54:859][444]LogMainFrame: MainFrame: Module compiling took 1.128 seconds
[2017.03.20-08.13.55:209][444]LogContentBrowser: Native class hierarchy populated in 0.0149 seconds. Added 2252 classes and 456 folders.
[2017.03.20-08.13.55:209][444]Display: HotReload took  1.5s.
[2017.03.20-08.13.55:893][493]LogTemp: Repeting last play command: Selected Viewport
[2017.03.20-08.13.55:908][493]LogBlueprintUserMessages: Early PlayInEditor Detection: Level '/Game/FirstPersonCPP/Maps/FirstPersonExampleMap.FirstPersonExampleMap:PersistentLevel' has LevelScriptBlueprint '/Game/FirstPersonCPP/Maps/FirstPersonExampleMap.FirstPersonExampleMap:PersistentLevel.FirstPersonExampleMap' with GeneratedClass '/Game/FirstPersonCPP/Maps/FirstPersonExampleMap.FirstPersonExampleMap_C' with ClassGeneratedBy '/Game/FirstPersonCPP/Maps/FirstPersonExampleMap.FirstPersonExampleMap:PersistentLevel.FirstPersonExampleMap'
[2017.03.20-08.13.55:908][493]LogPlayLevel: PlayLevel: No blueprints needed recompiling
[2017.03.20-08.13.55:908][493]PIE: New page: PIE session: FirstPersonExampleMap (Mar 19, 2017, 6:13:55 PM)
[2017.03.20-08.13.55:908][493]LogPlayLevel: Creating play world package: /Game/FirstPersonCPP/Maps/UEDPIE_0_FirstPersonExampleMap
[2017.03.20-08.13.55:947][493]LogPlayLevel: PIE: StaticDuplicateObject took: (0.039328s)
[2017.03.20-08.13.55:959][493]LogAIModule: Creating AISystem for world FirstPersonExampleMap
[2017.03.20-08.13.55:959][493]LogPlayLevel: PIE: World Init took: (0.011826s)
[2017.03.20-08.13.55:959][493]LogPlayLevel: PIE: Created PIE world by copying editor world from /Game/FirstPersonCPP/Maps/FirstPersonExampleMap.FirstPersonExampleMap to /Game/FirstPersonCPP/Maps/UEDPIE_0_FirstPersonExampleMap.FirstPersonExampleMap (0.051494s)
[2017.03.20-08.13.56:045][493]LogInit: XAudio2 using 'Headset Earphone (2- Logitech G933 Gaming Headset)' : 2 channels at 44.1 kHz using 16 bits per sample (channel mask 0x3)
[2017.03.20-08.13.56:066][493]LogInit: FAudioDevice initialized.
[2017.03.20-08.13.56:099][493]LogLoad: Game class is 'MoreItemsGameMode'
[2017.03.20-08.13.56:104][493]LogWorld: Bringing World /Game/FirstPersonCPP/Maps/UEDPIE_0_FirstPersonExampleMap.FirstPersonExampleMap up for play (max tick rate 0) at 2017.03.20-01.13.56
[2017.03.20-08.13.56:104][493]LogWorld: Bringing up level for play took: 0.002962
[2017.03.20-08.13.56:105][493]PIE: Info Play in editor start time for /Game/FirstPersonCPP/Maps/UEDPIE_0_FirstPersonExampleMap 0.711
[2017.03.20-08.13.56:105][493]LogBlueprintUserMessages: Late PlayInEditor Detection: Level '/Game/FirstPersonCPP/Maps/FirstPersonExampleMap.FirstPersonExampleMap:PersistentLevel' has LevelScriptBlueprint '/Game/FirstPersonCPP/Maps/FirstPersonExampleMap.FirstPersonExampleMap:PersistentLevel.FirstPersonExampleMap' with GeneratedClass '/Game/FirstPersonCPP/Maps/FirstPersonExampleMap.FirstPersonExampleMap_C' with ClassGeneratedBy '/Game/FirstPersonCPP/Maps/FirstPersonExampleMap.FirstPersonExampleMap:PersistentLevel.FirstPersonExampleMap'
[2017.03.20-08.14.03:554][333]LogBlueprintUserMessages: Early EndPlayMap Detection: Level '/Game/FirstPersonCPP/Maps/FirstPersonExampleMap.FirstPersonExampleMap:PersistentLevel' has LevelScriptBlueprint '/Game/FirstPersonCPP/Maps/FirstPersonExampleMap.FirstPersonExampleMap:PersistentLevel.FirstPersonExampleMap' with GeneratedClass '/Game/FirstPersonCPP/Maps/FirstPersonExampleMap.FirstPersonExampleMap_C' with ClassGeneratedBy '/Game/FirstPersonCPP/Maps/FirstPersonExampleMap.FirstPersonExampleMap:PersistentLevel.FirstPersonExampleMap'
[2017.03.20-08.14.03:630][333]LogBlueprintUserMessages: Late EndPlayMap Detection: Level '/Game/FirstPersonCPP/Maps/FirstPersonExampleMap.FirstPersonExampleMap:PersistentLevel' has LevelScriptBlueprint '/Game/FirstPersonCPP/Maps/FirstPersonExampleMap.FirstPersonExampleMap:PersistentLevel.FirstPersonExampleMap' with GeneratedClass '/Game/FirstPersonCPP/Maps/FirstPersonExampleMap.FirstPersonExampleMap_C' with ClassGeneratedBy '/Game/FirstPersonCPP/Maps/FirstPersonExampleMap.FirstPersonExampleMap:PersistentLevel.FirstPersonExampleMap'
[2017.03.20-08.14.08:559][556]LogSlate: Only BGRA pngs, bmps or icos are supported in by External Image Picker
[2017.03.20-08.14.08:676][558]LogTemp:Display: Executing iPhonePackager certificates Engine -bundlename com.YourCompany.MoreItems

[2017.03.20-08.14.08:676][558]LogTemp:Display: CWD: C:\Program Files\Epic Games\UE_4.15\Engine\Binaries\DotNET\IOS

[2017.03.20-08.14.08:676][558]LogTemp:Display: Initial Dir: C:\Program Files\Epic Games\UE_4.15

[2017.03.20-08.14.08:676][558]LogTemp:Display: Env CWD: C:\Program Files\Epic Games\UE_4.15\Engine\Binaries\DotNET\IOS

[2017.03.20-08.14.08:676][558]LogTemp:Display: BranchPath = ULTIMATESKIBUM/C/Program Files/Epic Games/UE_4.15/Engine/Binaries --- GameBranchPath = ULTIMATESKIBUM/C/Program Files/Epic Games/UE_4.15/Engine/Binaries

[2017.03.20-08.14.08:692][558]LogTemp:Display: IPP ERROR: Application exception: System.IO.DirectoryNotFoundException: Could not find a part of the path 'C:\Users\Liam\AppData\Local\Apple Computer\MobileDevice\Provisioning Profiles'.

[2017.03.20-08.14.08:692][558]LogTemp:Display:    at System.IO.__Error.WinIOError(Int32 errorCode, String maybeFullPath)

[2017.03.20-08.14.08:692][558]LogTemp:Display:    at System.IO.FileSystemEnumerableIterator`1.CommonInit()

[2017.03.20-08.14.08:692][558]LogTemp:Display:    at System.IO.Directory.EnumerateFiles(String path, String searchPattern)

[2017.03.20-08.14.08:692][558]LogTemp:Display:    at iPhonePackager.CodeSignatureBuilder.FindProvisions(String CFBundleIdentifier)

[2017.03.20-08.14.08:692][558]LogTemp:Display:    at iPhonePackager.Program.Main(String[] args)

[2017.03.20-08.14.54:227][456]LogHttp:Warning: 0000020DEFBD9F00: request failed, libcurl error: 6 (Couldn't resolve host name)
[2017.03.20-08.14.54:227][456]LogHttp:Warning: 0000020DEFBD9F00: libcurl info message cache 0 (Connection 15 seems to be dead!)
[2017.03.20-08.14.54:227][456]LogHttp:Warning: 0000020DEFBD9F00: libcurl info message cache 1 (Closing connection 15)
[2017.03.20-08.14.54:227][456]LogHttp:Warning: 0000020DEFBD9F00: libcurl info message cache 2 (TLSv1.2 (OUT), TLS alert, Client hello (1):)
[2017.03.20-08.14.54:227][456]LogHttp:Warning: 0000020DEFBD9F00: libcurl info message cache 3 (Could not resolve host: datarouter.ol.epicgames.com)
[2017.03.20-08.14.54:227][456]LogHttp:Warning: 0000020DEFBD9F00: libcurl info message cache 4 (Closing connection 16)
[2017.03.20-08.15.01:116][682]Recompiling MoreItems...
[2017.03.20-08.15.01:116][682]Launching UnrealBuildTool... [C:/Program Files/Epic Games/UE_4.15/Engine/Binaries/DotNET/UnrealBuildTool.exe MoreItems -ModuleWithSuffix MoreItems 5019 Win64 Development -editorrecompile -canskiplink "C:/Users/Liam/Documents/Unreal Projects/MoreItems/MoreItems.uproject" ]
[2017.03.20-08.15.01:118][682]Warning: Starting HotReload took  0.0s.
[2017.03.20-08.15.37:239][746]LogEditorViewport: Clicking on Actor (LMB): StaticMeshActor (Floor)
[2017.03.20-08.15.55:297][405]CompilerResultsLog: New page: Compilation - Mar 19, 2017, 6:15:55 PM
[2017.03.20-08.15.55:297][405]CompilerResultsLog: Info Creating makefile for hot reloading MoreItems (ini files are newer that UBTMakefile)
[2017.03.20-08.15.55:297][405]CompilerResultsLog: Info Compiling game modules for hot reload
[2017.03.20-08.15.55:297][405]CompilerResultsLog: Info Parsing headers for MoreItemsEditor
[2017.03.20-08.15.55:297][405]CompilerResultsLog: Info   Running UnrealHeaderTool "C:\Users\Liam\Documents\Unreal Projects\MoreItems\MoreItems.uproject" "C:\Users\Liam\Documents\Unreal Projects\MoreItems\Intermediate\Build\Win64\MoreItemsEditor\Development\MoreItemsEditor.uhtmanifest" -LogCmds="loginit warning, logexit warning, logdatabase error" -Unattended -WarningsAsErrors -installed
[2017.03.20-08.15.55:297][405]CompilerResultsLog: Info Reflection code generated for MoreItemsEditor in 5.9098073 seconds
[2017.03.20-08.15.55:297][405]CompilerResultsLog: Info Performing 3 actions (4 in parallel)
[2017.03.20-08.15.55:297][405]CompilerResultsLog: Info MoreItemsCharacter.cpp
[2017.03.20-08.15.55:297][405]CompilerResultsLog: Info [2/3] Link UE4Editor-MoreItems-5019.dll
[2017.03.20-08.15.55:297][405]CompilerResultsLog: Info [3/3] Link UE4Editor-MoreItems-5019.lib
[2017.03.20-08.15.55:297][405]CompilerResultsLog: Info    Creating library C:\Users\Liam\Documents\Unreal Projects\MoreItems\Intermediate\Build\Win64\UE4Editor\Development\UE4Editor-MoreItems-5019.lib and object C:\Users\Liam\Documents\Unreal Projects\MoreItems\Intermediate\Build\Win64\UE4Editor\Development\UE4Editor-MoreItems-5019.exp
[2017.03.20-08.15.55:297][405]CompilerResultsLog: Info    Creating library C:\Users\Liam\Documents\Unreal Projects\MoreItems\Intermediate\Build\Win64\UE4Editor\Development\UE4Editor-MoreItems-5019.suppressed.lib and object C:\Users\Liam\Documents\Unreal Projects\MoreItems\Intermediate\Build\Win64\UE4Editor\Development\UE4Editor-MoreItems-5019.suppressed.exp
[2017.03.20-08.15.55:297][405]CompilerResultsLog: Info Total build time: 53.75 seconds (Local executor: 23.08 seconds)
[2017.03.20-08.15.55:297][405]LogMainFrame: MainFrame: Module compiling took 54.188 seconds
[2017.03.20-08.15.55:508][405]LogHotReload: Re-instancing Fire after hot-reload.
[2017.03.20-08.15.55:676][405]LogContentBrowser: Native class hierarchy updated for 'MoreItems' in 0.0025 seconds. Added 6 classes and 2 folders.
[2017.03.20-08.15.55:679][405]Display: HotReload successful (5 functions remapped  0 scriptstructs remapped)
[2017.03.20-08.15.56:056][405]LogContentBrowser: Native class hierarchy populated in 0.0149 seconds. Added 2252 classes and 456 folders.
[2017.03.20-08.15.56:056][405]Display: HotReload took 55.0s.
[2017.03.20-08.18.34:308][774]BlueprintLog: New page: Compile BP_Matches
[2017.03.20-08.18.36:070][823]Cmd: OBJ SAVEPACKAGE PACKAGE="/Game/Blueprints/BP_Matches" FILE="../../../../../../Users/Liam/Documents/Unreal Projects/MoreItems/Content/Blueprints/BP_Matches.uasset" SILENT=true
[2017.03.20-08.18.36:107][823]LogSavePackage: Save=25.38ms
[2017.03.20-08.18.36:107][823]LogSavePackage: Moving '../../../../../../Users/Liam/Documents/Unreal Projects/MoreItems/Saved/BP_MatchesCCD9CF94476726F87A70D7A62A4F0CB9.tmp' to '../../../../../../Users/Liam/Documents/Unreal Projects/MoreItems/Content/Blueprints/BP_Matches.uasset'
[2017.03.20-08.18.36:113][823]LogSavePackage:Display: Finished SavePackage ../../../../../../Users/Liam/Documents/Unreal Projects/MoreItems/Content/Blueprints/BP_Matches.uasset
[2017.03.20-08.19.09:450][730]LogEditorViewport: Clicking on Actor (LMB): TextRenderActor (TemplateLabel)
[2017.03.20-08.21.01:003][544]BlueprintLog: New page: Compile BP_Matches
[2017.03.20-08.21.02:635][599]Cmd: OBJ SAVEPACKAGE PACKAGE="/Game/Blueprints/BP_Matches" FILE="../../../../../../Users/Liam/Documents/Unreal Projects/MoreItems/Content/Blueprints/BP_Matches.uasset" SILENT=true
[2017.03.20-08.21.02:663][599]LogSavePackage: Save=25.19ms
[2017.03.20-08.21.02:663][599]LogSavePackage: Moving '../../../../../../Users/Liam/Documents/Unreal Projects/MoreItems/Saved/BP_Matches82555DA74AC0ACF01C707A98D7EFEBBC.tmp' to '../../../../../../Users/Liam/Documents/Unreal Projects/MoreItems/Content/Blueprints/BP_Matches.uasset'
[2017.03.20-08.21.02:667][599]LogSavePackage:Display: Finished SavePackage ../../../../../../Users/Liam/Documents/Unreal Projects/MoreItems/Content/Blueprints/BP_Matches.uasset
[2017.03.20-08.21.06:748][977]LogEditorViewport: Clicking on Actor (LMB): StaticMeshActor (Floor)
[2017.03.20-08.21.20:741][349]LogEditorViewport: Clicking on Actor (LMB): StaticMeshActor (Floor)
[2017.03.20-08.21.21:337][410]LogEditorViewport: Clicking on Actor (LMB): BP_Matches_C (BP_Matches)
[2017.03.20-08.21.30:503][306]LogEditorViewport: Clicking on Actor (LMB): StaticMeshActor (Wall1)
[2017.03.20-08.21.32:165][471]LogEditorViewport: Clicking on Actor (LMB): BP_Matches_C (BP_Matches2)
[2017.03.20-08.21.34:174][661]LogEditorViewport: Clicking on Actor (LMB): StaticMeshActor (Wall1)
[2017.03.20-08.21.35:373][779]LogEditorViewport: Clicking on Actor (LMB): BP_Matches_C (BP_Matches2)
[2017.03.20-08.21.44:467][687]LogEditorViewport: Clicking on Actor (LMB): BP_Matches_C (BP_Matches4)
[2017.03.20-08.21.47:213][954]LogEditorViewport: Clicking on Actor (LMB): BP_Matches_C (BP_Matches3)
[2017.03.20-08.21.49:867][208]Cmd: EDIT COPY
[2017.03.20-08.21.50:563][239]Cmd: EDIT PASTE
[2017.03.20-08.22.07:797][914]Cmd: EDIT COPY
[2017.03.20-08.22.08:853][ 22]Cmd: EDIT PASTE
[2017.03.20-08.22.14:110][535]Recompiling MoreItems...
[2017.03.20-08.22.14:110][535]Launching UnrealBuildTool... [C:/Program Files/Epic Games/UE_4.15/Engine/Binaries/DotNET/UnrealBuildTool.exe MoreItems -ModuleWithSuffix MoreItems 2481 Win64 Development -editorrecompile -canskiplink "C:/Users/Liam/Documents/Unreal Projects/MoreItems/MoreItems.uproject" ]
[2017.03.20-08.22.14:112][535]Warning: Starting HotReload took  0.0s.
[2017.03.20-08.22.15:337][639]CompilerResultsLog: New page: Compilation - Mar 19, 2017, 6:22:15 PM
[2017.03.20-08.22.15:338][639]CompilerResultsLog: Info Compiling game modules for hot reload
[2017.03.20-08.22.15:338][639]CompilerResultsLog: Info Target is up to date
[2017.03.20-08.22.15:338][639]CompilerResultsLog: Info Total build time: 0.73 seconds (NoActionsToExecute executor: 0.00 seconds)
[2017.03.20-08.22.15:338][639]LogMainFrame: MainFrame: Module compiling took 1.233 seconds
[2017.03.20-08.22.15:686][639]LogContentBrowser: Native class hierarchy populated in 0.0149 seconds. Added 2252 classes and 456 folders.
[2017.03.20-08.22.15:686][639]Display: HotReload took  1.6s.
[2017.03.20-08.22.16:990][743]LogTemp: Repeting last play command: Selected Viewport
[2017.03.20-08.22.17:004][743]LogBlueprintUserMessages: Early PlayInEditor Detection: Level '/Game/FirstPersonCPP/Maps/FirstPersonExampleMap.FirstPersonExampleMap:PersistentLevel' has LevelScriptBlueprint '/Game/FirstPersonCPP/Maps/FirstPersonExampleMap.FirstPersonExampleMap:PersistentLevel.FirstPersonExampleMap' with GeneratedClass '/Game/FirstPersonCPP/Maps/FirstPersonExampleMap.FirstPersonExampleMap_C' with ClassGeneratedBy '/Game/FirstPersonCPP/Maps/FirstPersonExampleMap.FirstPersonExampleMap:PersistentLevel.FirstPersonExampleMap'
[2017.03.20-08.22.17:004][743]LogPlayLevel: PlayLevel: No blueprints needed recompiling
[2017.03.20-08.22.17:004][743]PIE: New page: PIE session: FirstPersonExampleMap (Mar 19, 2017, 6:22:17 PM)
[2017.03.20-08.22.17:004][743]LogPlayLevel: Creating play world package: /Game/FirstPersonCPP/Maps/UEDPIE_0_FirstPersonExampleMap
[2017.03.20-08.22.17:053][743]LogPlayLevel: PIE: StaticDuplicateObject took: (0.049281s)
[2017.03.20-08.22.17:058][743]LogAIModule: Creating AISystem for world FirstPersonExampleMap
[2017.03.20-08.22.17:058][743]LogPlayLevel: PIE: World Init took: (0.004377s)
[2017.03.20-08.22.17:058][743]LogPlayLevel: PIE: Created PIE world by copying editor world from /Game/FirstPersonCPP/Maps/FirstPersonExampleMap.FirstPersonExampleMap to /Game/FirstPersonCPP/Maps/UEDPIE_0_FirstPersonExampleMap.FirstPersonExampleMap (0.054079s)
[2017.03.20-08.22.17:152][743]LogInit: XAudio2 using 'Headset Earphone (2- Logitech G933 Gaming Headset)' : 2 channels at 44.1 kHz using 16 bits per sample (channel mask 0x3)
[2017.03.20-08.22.17:180][743]LogInit: FAudioDevice initialized.
[2017.03.20-08.22.17:211][743]LogLoad: Game class is 'MoreItemsGameMode'
[2017.03.20-08.22.17:215][743]LogWorld: Bringing World /Game/FirstPersonCPP/Maps/UEDPIE_0_FirstPersonExampleMap.FirstPersonExampleMap up for play (max tick rate 0) at 2017.03.20-01.22.17
[2017.03.20-08.22.17:216][743]LogWorld: Bringing up level for play took: 0.003391
[2017.03.20-08.22.17:217][743]PIE: Info Play in editor start time for /Game/FirstPersonCPP/Maps/UEDPIE_0_FirstPersonExampleMap -0.177
[2017.03.20-08.22.17:217][743]LogBlueprintUserMessages: Late PlayInEditor Detection: Level '/Game/FirstPersonCPP/Maps/FirstPersonExampleMap.FirstPersonExampleMap:PersistentLevel' has LevelScriptBlueprint '/Game/FirstPersonCPP/Maps/FirstPersonExampleMap.FirstPersonExampleMap:PersistentLevel.FirstPersonExampleMap' with GeneratedClass '/Game/FirstPersonCPP/Maps/FirstPersonExampleMap.FirstPersonExampleMap_C' with ClassGeneratedBy '/Game/FirstPersonCPP/Maps/FirstPersonExampleMap.FirstPersonExampleMap:PersistentLevel.FirstPersonExampleMap'
[2017.03.20-08.22.35:792][908]LogBlueprintUserMessages: Early EndPlayMap Detection: Level '/Game/FirstPersonCPP/Maps/FirstPersonExampleMap.FirstPersonExampleMap:PersistentLevel' has LevelScriptBlueprint '/Game/FirstPersonCPP/Maps/FirstPersonExampleMap.FirstPersonExampleMap:PersistentLevel.FirstPersonExampleMap' with GeneratedClass '/Game/FirstPersonCPP/Maps/FirstPersonExampleMap.FirstPersonExampleMap_C' with ClassGeneratedBy '/Game/FirstPersonCPP/Maps/FirstPersonExampleMap.FirstPersonExampleMap:PersistentLevel.FirstPersonExampleMap'
[2017.03.20-08.22.35:857][908]LogBlueprintUserMessages: Late EndPlayMap Detection: Level '/Game/FirstPersonCPP/Maps/FirstPersonExampleMap.FirstPersonExampleMap:PersistentLevel' has LevelScriptBlueprint '/Game/FirstPersonCPP/Maps/FirstPersonExampleMap.FirstPersonExampleMap:PersistentLevel.FirstPersonExampleMap' with GeneratedClass '/Game/FirstPersonCPP/Maps/FirstPersonExampleMap.FirstPersonExampleMap_C' with ClassGeneratedBy '/Game/FirstPersonCPP/Maps/FirstPersonExampleMap.FirstPersonExampleMap:PersistentLevel.FirstPersonExampleMap'
[2017.03.20-08.22.37:186][ 11]Cmd: SELECT NONE
[2017.03.20-08.23.23:011][322]LogSavePackage: Save=218.38ms
[2017.03.20-08.23.23:011][322]LogSavePackage: Moving '../../../../../../Users/Liam/Documents/Unreal Projects/MoreItems/Saved/FirstPersonExampleMap_Auto2DF61D1EA4D00354D5E9331AF0210A70A.tmp' to '../../../../../../Users/Liam/Documents/Unreal Projects/MoreItems/Saved/Autosaves/Game/FirstPersonCPP/Maps/FirstPersonExampleMap_Auto2.umap'
[2017.03.20-08.23.23:013][322]LogSavePackage:Display: Finished SavePackage ../../../../../../Users/Liam/Documents/Unreal Projects/MoreItems/Saved/Autosaves/Game/FirstPersonCPP/Maps/FirstPersonExampleMap_Auto2.umap
[2017.03.20-08.23.23:019][322]LogFileHelpers: Editor autosave (incl. sublevels) for '/Game/FirstPersonCPP/Maps/FirstPersonExampleMap' took 0.274
[2017.03.20-08.23.23:019][322]LogFileHelpers: Editor autosave (incl. sublevels) for all levels took 0.274
[2017.03.20-08.25.09:197][463]LogSavePackage: Save=211.06ms
[2017.03.20-08.25.09:197][463]LogSavePackage: Moving '../../../../../../Users/Liam/Documents/Unreal Projects/MoreItems/Saved/FirstPersonExampleMapC5A54F92420C3041E2B9988E107CAE58.tmp' to '../../../../../../Users/Liam/Documents/Unreal Projects/MoreItems/Content/FirstPersonCPP/Maps/FirstPersonExampleMap.umap'
[2017.03.20-08.25.09:206][463]LogSavePackage:Display: Finished SavePackage ../../../../../../Users/Liam/Documents/Unreal Projects/MoreItems/Content/FirstPersonCPP/Maps/FirstPersonExampleMap.umap
[2017.03.20-08.25.09:254][463]LogFileHelpers: Saving map 'FirstPersonExampleMap' took 0.376
[2017.03.20-08.25.09:361][463]LogWindowsTextInputMethodSystem:Display: IME system now deactivated.
[2017.03.20-08.25.09:692][464]Cmd: QUIT_EDITOR
[2017.03.20-08.25.10:699][464]LogExit: Preparing to exit.
[2017.03.20-08.25.14:523][464]LogDirectoryWatcher: A directory notification for 'C:/Users/Liam/Documents/Unreal Projects/MoreItems/Content/' was aborted.
[2017.03.20-08.25.17:343][464]LogExit: Editor shut down
[2017.03.20-08.25.17:423][464]LogExit: Transaction tracking system shut down
[2017.03.20-08.25.21:990][464]LogObj: Freed 0b from 0 cluster array pools.
[2017.03.20-08.25.21:991][464]LogExit: Object subsystem successfully closed.
[2017.03.20-08.25.22:178][464]LogD3D11RHI: Shutdown
[2017.03.20-08.25.22:178][464]LogD3D11RHI: CleanupD3DDevice
[2017.03.20-08.25.22:707][464]LogD3D11RHI: ~FD3D11DynamicRHI
[2017.03.20-08.25.23:502][464]LogModuleManager: Shutting down and abandoning module LauncherServices (513)
[2017.03.20-08.25.23:502][464]LogModuleManager: Shutting down and abandoning module MoreItems (511)
[2017.03.20-08.25.23:502][464]LogModuleManager: Shutting down and abandoning module MovieSceneCapture (510)
[2017.03.20-08.25.23:502][464]LogModuleManager: Shutting down and abandoning module BlueprintGraph (508)
[2017.03.20-08.25.23:503][464]LogModuleManager: Shutting down and abandoning module BlueprintProfiler (506)
[2017.03.20-08.25.23:550][464]LogModuleManager: Shutting down and abandoning module HierarchicalLODUtilities (504)
[2017.03.20-08.25.23:550][464]LogModuleManager: Shutting down and abandoning module ExternalImagePicker (501)
[2017.03.20-08.25.23:550][464]LogModuleManager: Shutting down and abandoning module HierarchicalLODOutliner (498)
[2017.03.20-08.25.23:557][464]LogModuleManager: Shutting down and abandoning module CrashTracker (496)
[2017.03.20-08.25.23:557][464]LogModuleManager: Shutting down and abandoning module SceneOutliner (494)
[2017.03.20-08.25.23:557][464]LogModuleManager: Shutting down and abandoning module AddContentDialog (492)
[2017.03.20-08.25.23:566][464]LogDirectoryWatcher: A directory notification for 'C:/Program Files/Epic Games/UE_4.15/FeaturePacks/' was aborted.
[2017.03.20-08.25.24:066][464]LogModuleManager: Shutting down and abandoning module WidgetCarousel (491)
[2017.03.20-08.25.24:066][464]LogModuleManager: Shutting down and abandoning module EditorWidgets (488)
[2017.03.20-08.25.24:066][464]LogModuleManager: Shutting down and abandoning module CollectionManager (486)
[2017.03.20-08.25.24:086][464]LogDirectoryWatcher: A directory notification for 'C:/Users/Liam/Documents/Unreal Projects/MoreItems/Content/Collections/' was aborted.
[2017.03.20-08.25.24:086][464]LogDirectoryWatcher: A directory notification for 'C:/Users/Liam/Documents/Unreal Projects/MoreItems/Content/Developers/Liam/Collections/' was aborted.
[2017.03.20-08.25.24:086][464]LogDirectoryWatcher: A directory notification for 'C:/Users/Liam/Documents/Unreal Projects/MoreItems/Saved/Collections/' was aborted.
[2017.03.20-08.25.24:086][464]LogModuleManager: Shutting down and abandoning module StatsViewer (484)
[2017.03.20-08.25.24:098][464]LogModuleManager: Shutting down and abandoning module FoliageEdit (482)
[2017.03.20-08.25.24:098][464]LogModuleManager: Shutting down and abandoning module LandscapeEditor (480)
[2017.03.20-08.25.24:104][464]LogModuleManager: Shutting down and abandoning module SceneDepthPickerMode (478)
[2017.03.20-08.25.24:104][464]LogModuleManager: Shutting down and abandoning module ActorPickerMode (476)
[2017.03.20-08.25.24:104][464]LogModuleManager: Shutting down and abandoning module GeometryMode (474)
[2017.03.20-08.25.24:104][464]LogModuleManager: Shutting down and abandoning module TextureAlignMode (472)
[2017.03.20-08.25.24:104][464]LogModuleManager: Shutting down and abandoning module BspMode (470)
[2017.03.20-08.25.24:131][464]LogModuleManager: Shutting down and abandoning module HardwareSurvey (468)
[2017.03.20-08.25.24:141][464]LogModuleManager: Shutting down and abandoning module SequenceRecorderSections (466)
[2017.03.20-08.25.24:150][464]LogModuleManager: Shutting down and abandoning module AutomationWorker (464)
[2017.03.20-08.25.24:160][464]LogModuleManager: Shutting down and abandoning module MatineeToLevelSequence (462)
[2017.03.20-08.25.24:191][464]LogModuleManager: Shutting down and abandoning module LevelSequenceEditor (460)
[2017.03.20-08.25.24:210][464]LogModuleManager: Shutting down and abandoning module PlacementMode (459)
[2017.03.20-08.25.24:210][464]LogModuleManager: Shutting down and abandoning module WmfMediaFactory (456)
[2017.03.20-08.25.24:210][464]LogModuleManager: Shutting down and abandoning module WmfMediaEditor (454)
[2017.03.20-08.25.24:210][464]LogModuleManager: Shutting down and abandoning module MfMediaFactory (452)
[2017.03.20-08.25.24:210][464]LogModuleManager: Shutting down and abandoning module MfMediaEditor (450)
[2017.03.20-08.25.24:211][464]LogModuleManager: Shutting down and abandoning module AvfMediaFactory (448)
[2017.03.20-08.25.24:211][464]LogModuleManager: Shutting down and abandoning module AvfMediaEditor (446)
[2017.03.20-08.25.24:211][464]LogModuleManager: Shutting down and abandoning module AndroidMediaFactory (444)
[2017.03.20-08.25.24:211][464]LogModuleManager: Shutting down and abandoning module Media (443)
[2017.03.20-08.25.24:211][464]LogModuleManager: Shutting down and abandoning module AndroidMediaEditor (440)
[2017.03.20-08.25.24:211][464]LogModuleManager: Shutting down and abandoning module CharacterAI (438)
[2017.03.20-08.25.24:211][464]LogModuleManager: Shutting down and abandoning module AudioCapture (436)
[2017.03.20-08.25.24:249][464]LogModuleManager: Shutting down and abandoning module SequenceRecorder (435)
[2017.03.20-08.25.24:324][464]LogModuleManager: Shutting down and abandoning module SmartSnapping (432)
[2017.03.20-08.25.24:324][464]LogModuleManager: Shutting down and abandoning module SessionServices (430)
[2017.03.20-08.25.24:324][464]LogModuleManager: Shutting down and abandoning module ViewportSnapping (428)
[2017.03.20-08.25.24:324][464]LogModuleManager: Shutting down and abandoning module ViewportInteraction (426)
[2017.03.20-08.25.24:324][464]LogModuleManager: Shutting down and abandoning module LogVisualizer (424)
[2017.03.20-08.25.24:350][464]LogModuleManager: Shutting down and abandoning module IntroTutorials (422)
[2017.03.20-08.25.24:355][464]LogModuleManager: Shutting down and abandoning module GameProjectGeneration (421)
[2017.03.20-08.25.24:355][464]LogModuleManager: Shutting down and abandoning module EditorLiveStreaming (418)
[2017.03.20-08.25.24:355][464]LogModuleManager: Shutting down and abandoning module IOSPlatformEditor (416)
[2017.03.20-08.25.24:355][464]LogModuleManager: Shutting down and abandoning module HTML5PlatformEditor (414)
[2017.03.20-08.25.24:355][464]LogModuleManager: Shutting down and abandoning module AndroidPlatformEditor (412)
[2017.03.20-08.25.24:355][464]LogModuleManager: Shutting down and abandoning module AndroidDeviceDetection (411)
[2017.03.20-08.25.25:091][464]LogModuleManager: Shutting down and abandoning module IOSRuntimeSettings (408)
[2017.03.20-08.25.25:091][464]LogModuleManager: Shutting down and abandoning module AndroidRuntimeSettings (406)
[2017.03.20-08.25.25:091][464]LogModuleManager: Shutting down and abandoning module InputBindingEditor (404)
[2017.03.20-08.25.25:099][464]LogModuleManager: Shutting down and abandoning module NiagaraEditor (402)
[2017.03.20-08.25.25:119][464]LogModuleManager: Shutting down and abandoning module MergeActors (400)
[2017.03.20-08.25.25:127][464]LogModuleManager: Shutting down and abandoning module SizeMap (398)
[2017.03.20-08.25.25:150][464]LogModuleManager: Shutting down and abandoning module TreeMap (396)
[2017.03.20-08.25.25:187][464]LogModuleManager: Shutting down and abandoning module ReferenceViewer (394)
[2017.03.20-08.25.25:187][464]LogModuleManager: Shutting down and abandoning module LocalizationDashboard (392)
[2017.03.20-08.25.25:190][464]LogModuleManager: Shutting down and abandoning module LocalizationService (391)
[2017.03.20-08.25.25:194][464]LogModuleManager: Shutting down and abandoning module HardwareTargeting (388)
[2017.03.20-08.25.25:194][464]LogModuleManager: Shutting down and abandoning module DeviceProfileEditor (386)
[2017.03.20-08.25.25:202][464]LogModuleManager: Shutting down and abandoning module UndoHistory (384)
[2017.03.20-08.25.25:208][464]LogModuleManager: Shutting down and abandoning module UserFeedback (382)
[2017.03.20-08.25.25:208][464]LogModuleManager: Shutting down and abandoning module XmlParser (380)
[2017.03.20-08.25.25:212][464]LogModuleManager: Shutting down and abandoning module Blutility (378)
[2017.03.20-08.25.25:219][464]LogModuleManager: Shutting down and abandoning module ProjectSettingsViewer (376)
[2017.03.20-08.25.25:219][464]LogModuleManager: Shutting down and abandoning module ProjectTargetPlatformEditor (375)
[2017.03.20-08.25.25:220][464]LogModuleManager: Shutting down and abandoning module EditorSettingsViewer (372)
[2017.03.20-08.25.25:220][464]LogModuleManager: Shutting down and abandoning module SettingsEditor (370)
[2017.03.20-08.25.25:220][464]LogModuleManager: Shutting down and abandoning module ProjectLauncher (368)
[2017.03.20-08.25.25:220][464]LogModuleManager: Shutting down and abandoning module SessionFrontend (366)
[2017.03.20-08.25.25:231][464]LogModuleManager: Shutting down and abandoning module ProfilerClient (364)
[2017.03.20-08.25.25:237][464]LogModuleManager: Shutting down and abandoning module DeviceManager (362)
[2017.03.20-08.25.25:250][464]LogModuleManager: Shutting down and abandoning module TargetDeviceServices (361)
[2017.03.20-08.25.25:292][464]LogModuleManager: Shutting down and abandoning module AutomationController (358)
[2017.03.20-08.25.25:298][464]LogModuleManager: Shutting down and abandoning module AutomationWindow (356)
[2017.03.20-08.25.25:313][464]LogModuleManager: Shutting down and abandoning module Layers (354)
[2017.03.20-08.25.25:495][464]LogModuleManager: Shutting down and abandoning module ComponentVisualizers (352)
[2017.03.20-08.25.25:495][464]LogModuleManager: Shutting down and abandoning module DetailCustomizations (350)
[2017.03.20-08.25.25:525][464]LogModuleManager: Shutting down and abandoning module PackagesDialog (348)
[2017.03.20-08.25.25:525][464]LogModuleManager: Shutting down and abandoning module Persona (346)
[2017.03.20-08.25.25:614][464]LogModuleManager: Shutting down and abandoning module AnimGraph (345)
[2017.03.20-08.25.25:614][464]LogModuleManager: Shutting down and abandoning module Kismet (342)
[2017.03.20-08.25.25:643][464]LogModuleManager: Shutting down and abandoning module GraphEditor (340)
[2017.03.20-08.25.25:667][464]LogModuleManager: Shutting down and abandoning module ClassViewer (338)
[2017.03.20-08.25.25:669][464]LogModuleManager: Shutting down and abandoning module Toolbox (336)
[2017.03.20-08.25.25:688][464]LogModuleManager: Shutting down and abandoning module ModuleUI (334)
[2017.03.20-08.25.25:732][464]LogModuleManager: Shutting down and abandoning module MovieSceneTools (332)
[2017.03.20-08.25.25:750][464]LogModuleManager: Shutting down and abandoning module OutputLog (330)
[2017.03.20-08.25.25:778][464]LogModuleManager: Shutting down and abandoning module GammaUI (328)
[2017.03.20-08.25.25:800][464]LogModuleManager: Shutting down and abandoning module Documentation (326)
[2017.03.20-08.25.25:800][464]LogModuleManager: Shutting down and abandoning module Niagara (324)
[2017.03.20-08.25.25:800][464]LogModuleManager: Shutting down and abandoning module StreamingPauseRendering (322)
[2017.03.20-08.25.25:800][464]LogModuleManager: Shutting down and abandoning module AnalyticsET (320)
[2017.03.20-08.25.25:800][464]LogModuleManager: Shutting down and abandoning module PortalServices (318)
[2017.03.20-08.25.25:800][464]LogModuleManager: Shutting down and abandoning module PortalRpc (316)
[2017.03.20-08.25.25:800][464]LogModuleManager: Shutting down and abandoning module MessagingRpc (314)
[2017.03.20-08.25.25:800][464]LogModuleManager: Shutting down and abandoning module AIModule (312)
[2017.03.20-08.25.25:819][464]LogModuleManager: Shutting down and abandoning module GameplayDebugger (311)
[2017.03.20-08.25.25:819][464]LogModuleManager: Shutting down and abandoning module AITestSuite (309)
[2017.03.20-08.25.25:819][464]LogModuleManager: Shutting down and abandoning module ProfilerService (306)
[2017.03.20-08.25.25:997][464]LogModuleManager: Shutting down and abandoning module TaskGraph (304)
[2017.03.20-08.25.26:130][464]LogModuleManager: Shutting down and abandoning module SteamVRController (302)
[2017.03.20-08.25.26:130][464]LogModuleManager: Shutting down and abandoning module SteamVR (300)
[2017.03.20-08.25.26:130][464]LogModuleManager: Shutting down and abandoning module ProceduralMeshComponentEditor (298)
[2017.03.20-08.25.26:131][464]LogModuleManager: Shutting down and abandoning module ProceduralMeshComponent (296)
[2017.03.20-08.25.26:156][464]LogModuleManager: Shutting down and abandoning module OculusLibrary (294)
[2017.03.20-08.25.26:156][464]LogModuleManager: Shutting down and abandoning module OculusInput (292)
[2017.03.20-08.25.26:156][464]LogModuleManager: Shutting down and abandoning module MobilePatchingUtils (290)
[2017.03.20-08.25.26:156][464]LogModuleManager: Shutting down and abandoning module CustomMeshComponent (288)
[2017.03.20-08.25.26:156][464]LogModuleManager: Shutting down and abandoning module CableComponent (286)
[2017.03.20-08.25.26:170][464]LogModuleManager: Shutting down and abandoning module ArchVisCharacter (284)
[2017.03.20-08.25.26:170][464]LogModuleManager: Shutting down and abandoning module MediaPlayerEditor (280)
[2017.03.20-08.25.26:390][464]LogModuleManager: Shutting down and abandoning module HTML5Networking (278)
[2017.03.20-08.25.26:390][464]LogModuleManager: Shutting down and abandoning module AlembicImporter (276)
[2017.03.20-08.25.26:390][464]LogModuleManager: Shutting down and abandoning module AlembicLibrary (275)
[2017.03.20-08.25.26:390][464]LogModuleManager: Shutting down and abandoning module GeometryCache (274)
[2017.03.20-08.25.26:425][464]LogModuleManager: Shutting down and abandoning module GeometryCacheEd (273)
[2017.03.20-08.25.26:425][464]LogModuleManager: Shutting down and abandoning module SuperSearchEditor (268)
[2017.03.20-08.25.26:425][464]LogModuleManager: Shutting down and abandoning module SuperSearch (267)
[2017.03.20-08.25.26:425][464]LogModuleManager: Shutting down and abandoning module SpeedTreeImporter (264)
[2017.03.20-08.25.26:425][464]LogModuleManager: Shutting down and abandoning module PluginBrowser (262)
[2017.03.20-08.25.26:575][464]LogModuleManager: Shutting down and abandoning module MobileLauncherProfileWizard (260)
[2017.03.20-08.25.26:621][464]LogModuleManager: Shutting down and abandoning module EpicSurvey (258)
[2017.03.20-08.25.26:621][464]LogModuleManager: Shutting down and abandoning module VisualStudioSourceCodeAccess (256)
[2017.03.20-08.25.26:621][464]LogModuleManager: Shutting down and abandoning module DesktopPlatform (255)
[2017.03.20-08.25.26:656][464]LogModuleManager: Shutting down and abandoning module UObjectPlugin (252)
[2017.03.20-08.25.26:656][464]LogModuleManager: Shutting down and abandoning module SubversionSourceControl (250)
[2017.03.20-08.25.26:696][464]LogModuleManager: Shutting down and abandoning module PerforceSourceControl (248)
[2017.03.20-08.25.26:755][464]LogModuleManager: Shutting down and abandoning module GitSourceControl (246)
[2017.03.20-08.25.26:790][464]LogModuleManager: Shutting down and abandoning module SourceControl (245)
[2017.03.20-08.25.26:805][464]LogModuleManager: Shutting down and abandoning module LightPropagationVolumeEditor (242)
[2017.03.20-08.25.26:805][464]LogModuleManager: Shutting down and abandoning module PaperTiledImporter (240)
[2017.03.20-08.25.26:805][464]LogModuleManager: Shutting down and abandoning module PaperSpriteSheetImporter (238)
[2017.03.20-08.25.26:805][464]LogModuleManager: Shutting down and abandoning module Paper2DEditor (236)
[2017.03.20-08.25.26:851][464]LogModuleManager: Shutting down and abandoning module MeshPaint (235)
[2017.03.20-08.25.26:891][464]LogModuleManager: Shutting down and abandoning module LevelEditor (233)
[2017.03.20-08.25.26:938][464]LogModuleManager: Shutting down and abandoning module PixelInspectorModule (232)
[2017.03.20-08.25.27:026][464]LogModuleManager: Shutting down and abandoning module MainFrame (230)
[2017.03.20-08.25.27:026][464]LogModuleManager: Shutting down and abandoning module HotReload (229)
[2017.03.20-08.25.27:026][464]LogDirectoryWatcher: A directory notification for 'C:/Users/Liam/Documents/Unreal Projects/MoreItems/Binaries/Win64' was aborted.
[2017.03.20-08.25.27:064][464]LogModuleManager: Shutting down and abandoning module ContentBrowser (225)
[2017.03.20-08.25.27:066][464]LogModuleManager: Shutting down and abandoning module PhysXVehiclesEditor (220)
[2017.03.20-08.25.27:073][464]LogModuleManager: Shutting down and abandoning module PhysXVehicles (218)
[2017.03.20-08.25.27:073][464]LogModuleManager: Shutting down and abandoning module LocationServicesBPLibrary (216)
[2017.03.20-08.25.27:073][464]LogModuleManager: Shutting down and abandoning module UdpMessaging (214)
[2017.03.20-08.25.27:174][464]LogModuleManager: Shutting down and abandoning module TcpMessaging (212)
[2017.03.20-08.25.27:296][464]LogModuleManager: Shutting down and abandoning module GameplayTagsEditor (210)
[2017.03.20-08.25.27:306][464]LogModuleManager: Shutting down and abandoning module FacialAnimationEditor (208)
[2017.03.20-08.25.27:326][464]LogModuleManager: Shutting down and abandoning module FacialAnimation (206)
[2017.03.20-08.25.27:326][464]LogModuleManager: Shutting down and abandoning module LightPropagationVolumeRuntime (204)
[2017.03.20-08.25.27:326][464]LogModuleManager: Shutting down and abandoning module Paper2D (202)
[2017.03.20-08.25.27:353][464]LogModuleManager: Shutting down and abandoning module WindowsMoviePlayer (200)
[2017.03.20-08.25.27:397][464]LogModuleManager: Shutting down and abandoning module WmfMedia (198)
[2017.03.20-08.25.27:474][464]LogModuleManager: Shutting down and abandoning module MfMedia (196)
[2017.03.20-08.25.27:474][464]LogModuleManager: Shutting down and abandoning module MediaAssets (194)
[2017.03.20-08.25.27:474][464]LogModuleManager: Shutting down and abandoning module GameLiveStreaming (192)
[2017.03.20-08.25.27:495][464]LogModuleManager: Shutting down and abandoning module VREditor (190)
[2017.03.20-08.25.27:495][464]LogModuleManager: Shutting down and abandoning module GameplayTasksEditor (188)
[2017.03.20-08.25.27:495][464]LogModuleManager: Shutting down and abandoning module BehaviorTreeEditor (186)
[2017.03.20-08.25.27:523][464]LogModuleManager: Shutting down and abandoning module FunctionalTesting (184)
[2017.03.20-08.25.27:523][464]LogModuleManager: Shutting down and abandoning module CollisionAnalyzer (182)
[2017.03.20-08.25.27:534][464]LogModuleManager: Shutting down and abandoning module UMG (180)
[2017.03.20-08.25.27:545][464]LogModuleManager: Shutting down and abandoning module UMGEditor (179)
[2017.03.20-08.25.27:565][464]LogModuleManager: Shutting down and abandoning module Sequencer (178)
[2017.03.20-08.25.27:579][464]LogModuleManager: Shutting down and abandoning module AssetTools (176)
[2017.03.20-08.25.27:614][464]LogModuleManager: Shutting down and abandoning module MessageLog (175)
[2017.03.20-08.25.27:614][464]LogModuleManager: Shutting down and abandoning module WorkspaceMenuStructure (174)
[2017.03.20-08.25.27:614][464]LogModuleManager: Shutting down and abandoning module SlateReflector (168)
[2017.03.20-08.25.27:632][464]LogModuleManager: Shutting down and abandoning module Slate (166)
[2017.03.20-08.25.27:632][464]LogModuleManager: Shutting down and abandoning module EditorStyle (164)
[2017.03.20-08.25.27:637][464]LogModuleManager: Shutting down and abandoning module SourceCodeAccess (162)
[2017.03.20-08.25.27:643][464]LogModuleManager: Shutting down and abandoning module HeadMountedDisplay (160)
[2017.03.20-08.25.27:643][464]LogModuleManager: Shutting down and abandoning module XAudio2 (158)
[2017.03.20-08.25.27:643][464]LogModuleManager: Shutting down and abandoning module Networking (156)
[2017.03.20-08.25.27:643][464]LogModuleManager: Shutting down and abandoning module Core (152)
[2017.03.20-08.25.27:643][464]LogModuleManager: Shutting down and abandoning module AssetRegistry (150)
[2017.03.20-08.25.27:914][464]LogDirectoryWatcher: A directory notification for '../../../Engine/Content/' was aborted.
[2017.03.20-08.25.27:915][464]LogDirectoryWatcher: A directory notification for '../../../../../../Users/Liam/Documents/Unreal Projects/MoreItems/Content/' was aborted.
[2017.03.20-08.25.27:915][464]LogDirectoryWatcher: A directory notification for '../../../Engine/Plugins/2D/Paper2D/Content/' was aborted.
[2017.03.20-08.25.27:926][464]LogModuleManager: Shutting down and abandoning module DirectoryWatcher (149)
[2017.03.20-08.25.27:938][464]LogModuleManager: Shutting down and abandoning module KismetCompiler (146)
[2017.03.20-08.25.27:938][464]LogModuleManager: Shutting down and abandoning module PhysXFormats (144)
[2017.03.20-08.25.27:938][464]LogModuleManager: Shutting down and abandoning module MeshUtilities (142)
[2017.03.20-08.25.27:965][464]LogModuleManager: Shutting down and abandoning module SimplygonSwarm (141)
[2017.03.20-08.25.27:997][464]LogModuleManager: Shutting down and abandoning module SimplygonMeshReduction (139)
[2017.03.20-08.25.27:998][464]LogModuleManager: Shutting down and abandoning module QuadricMeshReduction (137)
[2017.03.20-08.25.28:007][464]LogModuleManager: Shutting down and abandoning module PropertyEditor (135)
[2017.03.20-08.25.28:007][464]LogModuleManager: Shutting down and abandoning module DerivedDataCache (132)
[2017.03.20-08.25.28:108][464]LogDerivedDataCache: Shutdown
[2017.03.20-08.25.28:108][464]LogModuleManager: Shutting down and abandoning module TargetPlatform (130)
[2017.03.20-08.25.28:108][464]LogModuleManager: Shutting down and abandoning module VulkanShaderFormat (129)
[2017.03.20-08.25.28:119][464]LogModuleManager: Shutting down and abandoning module ShaderFormatOpenGL (127)
[2017.03.20-08.25.28:171][464]LogModuleManager: Shutting down and abandoning module ShaderFormatD3D (125)
[2017.03.20-08.25.28:210][464]LogModuleManager: Shutting down and abandoning module MetalShaderFormat (123)
[2017.03.20-08.25.28:248][464]LogModuleManager: Shutting down and abandoning module TextureFormatUncompressed (121)
[2017.03.20-08.25.28:248][464]LogModuleManager: Shutting down and abandoning module TextureFormatPVR (119)
[2017.03.20-08.25.28:248][464]LogModuleManager: Shutting down and abandoning module TextureFormatDXT (117)
[2017.03.20-08.25.28:263][464]LogModuleManager: Shutting down and abandoning module TextureFormatIntelISPCTexComp (115)
[2017.03.20-08.25.28:302][464]LogModuleManager: Shutting down and abandoning module TextureFormatASTC (113)
[2017.03.20-08.25.28:302][464]LogModuleManager: Shutting down and abandoning module ImageWrapper (112)
[2017.03.20-08.25.28:302][464]LogModuleManager: Shutting down and abandoning module TextureFormatAndroid (109)
[2017.03.20-08.25.28:302][464]LogModuleManager: Shutting down and abandoning module AudioFormatOpus (107)
[2017.03.20-08.25.28:320][464]LogModuleManager: Shutting down and abandoning module AudioFormatOgg (105)
[2017.03.20-08.25.28:320][464]LogModuleManager: Shutting down and abandoning module AudioFormatADPCM (103)
[2017.03.20-08.25.28:320][464]LogModuleManager: Shutting down and abandoning module LinuxTargetPlatform (101)
[2017.03.20-08.25.28:320][464]LogModuleManager: Shutting down and abandoning module LinuxServerTargetPlatform (99)
[2017.03.20-08.25.28:320][464]LogModuleManager: Shutting down and abandoning module LinuxNoEditorTargetPlatform (97)
[2017.03.20-08.25.28:320][464]LogModuleManager: Shutting down and abandoning module LinuxClientTargetPlatform (95)
[2017.03.20-08.25.28:320][464]LogModuleManager: Shutting down and abandoning module TVOSTargetPlatform (93)
[2017.03.20-08.25.28:320][464]LogModuleManager: Shutting down and abandoning module Messaging (91)
[2017.03.20-08.25.28:320][464]LogModuleManager: Shutting down and abandoning module IOSTargetPlatform (89)
[2017.03.20-08.25.28:320][464]LogModuleManager: Shutting down and abandoning module HTML5TargetPlatform (87)
[2017.03.20-08.25.28:320][464]LogModuleManager: Shutting down and abandoning module Android_PVRTCTargetPlatform (85)
[2017.03.20-08.25.28:320][464]LogModuleManager: Shutting down and abandoning module Android_MultiTargetPlatform (83)
[2017.03.20-08.25.28:320][464]LogModuleManager: Shutting down and abandoning module Android_ETC2TargetPlatform (81)
[2017.03.20-08.25.28:320][464]LogModuleManager: Shutting down and abandoning module Android_ETC1TargetPlatform (79)
[2017.03.20-08.25.28:320][464]LogModuleManager: Shutting down and abandoning module Android_DXTTargetPlatform (77)
[2017.03.20-08.25.28:320][464]LogModuleManager: Shutting down and abandoning module Android_ATCTargetPlatform (75)
[2017.03.20-08.25.28:320][464]LogModuleManager: Shutting down and abandoning module Android_ASTCTargetPlatform (73)
[2017.03.20-08.25.28:320][464]LogModuleManager: Shutting down and abandoning module AndroidTargetPlatform (71)
[2017.03.20-08.25.28:320][464]LogModuleManager: Shutting down and abandoning module WindowsTargetPlatform (69)
[2017.03.20-08.25.28:320][464]LogModuleManager: Shutting down and abandoning module WindowsServerTargetPlatform (67)
[2017.03.20-08.25.28:320][464]LogModuleManager: Shutting down and abandoning module WindowsNoEditorTargetPlatform (65)
[2017.03.20-08.25.28:320][464]LogModuleManager: Shutting down and abandoning module WindowsClientTargetPlatform (63)
[2017.03.20-08.25.28:320][464]LogModuleManager: Shutting down and abandoning module MacTargetPlatform (61)
[2017.03.20-08.25.28:320][464]LogModuleManager: Shutting down and abandoning module MacServerTargetPlatform (59)
[2017.03.20-08.25.28:320][464]LogModuleManager: Shutting down and abandoning module MacNoEditorTargetPlatform (57)
[2017.03.20-08.25.28:320][464]LogModuleManager: Shutting down and abandoning module MacClientTargetPlatform (55)
[2017.03.20-08.25.28:320][464]LogModuleManager: Shutting down and abandoning module AllDesktopTargetPlatform (53)
[2017.03.20-08.25.28:320][464]LogModuleManager: Shutting down and abandoning module InputCore (50)
[2017.03.20-08.25.28:320][464]LogModuleManager: Shutting down and abandoning module Settings (48)
[2017.03.20-08.25.28:320][464]LogModuleManager: Shutting down and abandoning module OculusRift (46)
[2017.03.20-08.25.28:320][464]LogModuleManager: Shutting down and abandoning module ExampleDeviceProfileSelector (44)
[2017.03.20-08.25.28:320][464]LogModuleManager: Shutting down and abandoning module OnlineBlueprintSupport (42)
[2017.03.20-08.25.28:320][464]LogModuleManager: Shutting down and abandoning module OnlineSubsystem (38)
[2017.03.20-08.25.28:320][464]LogOnline:Display: Unloading online subsystem: NULL
[2017.03.20-08.25.28:368][464]LogModuleManager: Shutting down and abandoning module XMPP (37)
[2017.03.20-08.25.28:386][464]LogModuleManager: Shutting down and abandoning module HTTP (35)
[2017.03.20-08.25.28:396][464]LogHttp:Display: Http module shutting down, but needs to wait on 1 outstanding Http requests:
[2017.03.20-08.25.28:396][464]LogHttp:Display: 	verb=[POST] url=[https://datarouter.ol.epicgames.com/datarouter/api/v1/public/data?SessionID=%7B70A2A95C-474E-CDA5-0201-67AE9A559520%7D&AppID=UEEditor.Rocket.Release&AppVersion=4.15.0-3299760%2B%2B%2BUE4%2BRelease-4.15&UserID=3c53aeb14f8381cf589af9a05a045162%7C191bcd9e71e141a7a207a951597e632a%7C6892023d-28ec-4f87-8958-26e7706dbce6&AppEnvironment=datacollector-binary&UploadType=eteventstream] status=Processing
[2017.03.20-08.25.28:429][464]LogModuleManager: Shutting down and abandoning module SSL (34)
[2017.03.20-08.25.28:431][464]LogModuleManager: Shutting down and abandoning module AudioEditor (30)
[2017.03.20-08.25.28:432][464]LogModuleManager: Shutting down and abandoning module TextureCompressor (28)
[2017.03.20-08.25.28:449][464]LogModuleManager: Shutting down and abandoning module ShaderCore (26)
[2017.03.20-08.25.28:449][464]LogModuleManager: Shutting down and abandoning module Landscape (24)
[2017.03.20-08.25.28:449][464]LogModuleManager: Shutting down and abandoning module SlateRHIRenderer (22)
[2017.03.20-08.25.28:503][464]LogModuleManager: Shutting down and abandoning module OpenGLDrv (20)
[2017.03.20-08.25.28:532][464]LogModuleManager: Shutting down and abandoning module D3D11RHI (18)
[2017.03.20-08.25.28:532][464]LogModuleManager: Shutting down and abandoning module AnimGraphRuntime (16)
[2017.03.20-08.25.28:547][464]LogModuleManager: Shutting down and abandoning module Renderer (14)
[2017.03.20-08.25.28:547][464]LogModuleManager: Shutting down and abandoning module Engine (12)
[2017.03.20-08.25.28:547][464]LogModuleManager: Shutting down and abandoning module CoreUObject (10)
[2017.03.20-08.25.28:547][464]LogModuleManager: Shutting down and abandoning module NetworkFile (8)
[2017.03.20-08.25.28:547][464]LogModuleManager: Shutting down and abandoning module StreamingFile (6)
[2017.03.20-08.25.28:547][464]LogModuleManager: Shutting down and abandoning module SandboxFile (4)
[2017.03.20-08.25.28:547][464]LogModuleManager: Shutting down and abandoning module PakFile (2)
[2017.03.20-08.25.28:596][464]LogExit: Exiting.
[2017.03.20-08.25.28:687][464]Log file closed, 03/20/17 01:25:28
